This file contains any messages produced by compilers while
running configure, to aid debugging if configure makes a mistake.

It was created by qd configure 2.3.12, which was
generated by GNU Autoconf 2.65.  Invocation command line was

  $ ./configure --prefix=/home/hapka/Programs/drake-mithap/other/qdlib

## --------- ##
## Platform. ##
## --------- ##

hostname = markhor
uname -m = x86_64
uname -r = 4.4.0-93-generic
uname -s = Linux
uname -v = #116-Ubuntu SMP Fri Aug 11 21:17:51 UTC 2017

/usr/bin/uname -p = unknown
/bin/uname -X     = unknown

/bin/arch              = unknown
/usr/bin/arch -k       = unknown
/usr/convex/getsysinfo = unknown
/usr/bin/hostinfo      = unknown
/bin/machine           = unknown
/usr/bin/oslevel       = unknown
/bin/universe          = unknown

PATH: /home/hapka/Documents/Programs/TheoDORE_1.4/bin
PATH: /home/hapka/bin
PATH: /home/hapka/.local/bin
PATH: /usr/local/sbin
PATH: /usr/local/bin
PATH: /usr/sbin
PATH: /usr/bin
PATH: /sbin
PATH: /bin
PATH: /usr/games
PATH: /usr/local/games
PATH: /snap/bin


## ----------- ##
## Core tests. ##
## ----------- ##

configure:2749: checking for a BSD-compatible install
configure:2817: result: /usr/bin/install -c
configure:2828: checking whether build environment is sane
configure:2878: result: yes
configure:3019: checking for a thread-safe mkdir -p
configure:3058: result: /bin/mkdir -p
configure:3071: checking for gawk
configure:3087: found /usr/bin/gawk
configure:3098: result: gawk
configure:3109: checking whether make sets $(MAKE)
configure:3131: result: yes
configure:3220: checking build system type
configure:3234: result: x86_64-unknown-linux-gnu
configure:3254: checking host system type
configure:3267: result: x86_64-unknown-linux-gnu
configure:3295: checking if commonly used function is to be inlined
configure:3303: result: yes
configure:3312: checking if addition with IEEE-style error bound is to be used
configure:3321: result: no
configure:3330: checking if sloppy multiplication is to be used
configure:3338: result: yes
configure:3347: checking if sloppy division is to be used
configure:3355: result: yes
configure:3365: checking if debugging code is to be enabled
configure:3374: result: no
configure:3383: checking if compiler warnings is to be enabled
configure:3388: result: no
configure:3474: checking for xlC_r
configure:3504: result: no
configure:3474: checking for xlC
configure:3504: result: no
configure:3474: checking for icpc
configure:3504: result: no
configure:3474: checking for pathCC
configure:3504: result: no
configure:3474: checking for pgCC
configure:3504: result: no
configure:3474: checking for cxx
configure:3504: result: no
configure:3474: checking for aCC
configure:3504: result: no
configure:3474: checking for CC
configure:3504: result: no
configure:3474: checking for cc++
configure:3504: result: no
configure:3474: checking for FCC
configure:3504: result: no
configure:3474: checking for KCC
configure:3504: result: no
configure:3474: checking for RCC
configure:3504: result: no
configure:3474: checking for c++
configure:3490: found /usr/bin/c++
configure:3501: result: c++
configure:3528: checking for C++ compiler version
configure:3537: c++ --version >&5
c++ (Ubuntu 5.4.0-6ubuntu1~16.04.4) 5.4.0 20160609
Copyright (C) 2015 Free Software Foundation, Inc.
This is free software; see the source for copying conditions.  There is NO
warranty; not even for MERCHANTABILITY or FITNESS FOR A PARTICULAR PURPOSE.

configure:3548: $? = 0
configure:3537: c++ -v >&5
Using built-in specs.
COLLECT_GCC=c++
COLLECT_LTO_WRAPPER=/usr/lib/gcc/x86_64-linux-gnu/5/lto-wrapper
Target: x86_64-linux-gnu
Configured with: ../src/configure -v --with-pkgversion='Ubuntu 5.4.0-6ubuntu1~16.04.4' --with-bugurl=file:///usr/share/doc/gcc-5/README.Bugs --enable-languages=c,ada,c++,java,go,d,fortran,objc,obj-c++ --prefix=/usr --program-suffix=-5 --enable-shared --enable-linker-build-id --libexecdir=/usr/lib --without-included-gettext --enable-threads=posix --libdir=/usr/lib --enable-nls --with-sysroot=/ --enable-clocale=gnu --enable-libstdcxx-debug --enable-libstdcxx-time=yes --with-default-libstdcxx-abi=new --enable-gnu-unique-object --disable-vtable-verify --enable-libmpx --enable-plugin --with-system-zlib --disable-browser-plugin --enable-java-awt=gtk --enable-gtk-cairo --with-java-home=/usr/lib/jvm/java-1.5.0-gcj-5-amd64/jre --enable-java-home --with-jvm-root-dir=/usr/lib/jvm/java-1.5.0-gcj-5-amd64 --with-jvm-jar-dir=/usr/lib/jvm-exports/java-1.5.0-gcj-5-amd64 --with-arch-directory=amd64 --with-ecj-jar=/usr/share/java/eclipse-ecj.jar --enable-objc-gc --enable-multiarch --disable-werror --with-arch-32=i686 --with-abi=m64 --with-multilib-list=m32,m64,mx32 --enable-multilib --with-tune=generic --enable-checking=release --build=x86_64-linux-gnu --host=x86_64-linux-gnu --target=x86_64-linux-gnu
Thread model: posix
gcc version 5.4.0 20160609 (Ubuntu 5.4.0-6ubuntu1~16.04.4) 
configure:3548: $? = 0
configure:3537: c++ -V >&5
c++: error: unrecognized command line option '-V'
c++: fatal error: no input files
compilation terminated.
configure:3548: $? = 1
configure:3537: c++ -qversion >&5
c++: error: unrecognized command line option '-qversion'
c++: fatal error: no input files
compilation terminated.
configure:3548: $? = 1
configure:3568: checking whether the C++ compiler works
configure:3590: c++ -O2   conftest.cpp  >&5
configure:3594: $? = 0
configure:3643: result: yes
configure:3646: checking for C++ compiler default output file name
configure:3648: result: a.out
configure:3654: checking for suffix of executables
configure:3661: c++ -o conftest -O2   conftest.cpp  >&5
configure:3665: $? = 0
configure:3687: result: 
configure:3709: checking whether we are cross compiling
configure:3717: c++ -o conftest -O2   conftest.cpp  >&5
configure:3721: $? = 0
configure:3728: ./conftest
configure:3732: $? = 0
configure:3747: result: no
configure:3752: checking for suffix of object files
configure:3774: c++ -c -O2  conftest.cpp >&5
configure:3778: $? = 0
configure:3799: result: o
configure:3803: checking whether we are using the GNU C++ compiler
configure:3822: c++ -c -O2  conftest.cpp >&5
configure:3822: $? = 0
configure:3831: result: yes
configure:3840: checking whether c++ accepts -g
configure:3860: c++ -c -g  conftest.cpp >&5
configure:3860: $? = 0
configure:3901: result: yes
configure:3935: checking for style of include used by make
configure:3963: result: GNU
configure:3988: checking dependency style of c++
configure:4098: result: gcc3
configure:4164: checking for gcc
configure:4191: result: c++
configure:4420: checking for C compiler version
configure:4429: c++ --version >&5
c++ (Ubuntu 5.4.0-6ubuntu1~16.04.4) 5.4.0 20160609
Copyright (C) 2015 Free Software Foundation, Inc.
This is free software; see the source for copying conditions.  There is NO
warranty; not even for MERCHANTABILITY or FITNESS FOR A PARTICULAR PURPOSE.

configure:4440: $? = 0
configure:4429: c++ -v >&5
Using built-in specs.
COLLECT_GCC=c++
COLLECT_LTO_WRAPPER=/usr/lib/gcc/x86_64-linux-gnu/5/lto-wrapper
Target: x86_64-linux-gnu
Configured with: ../src/configure -v --with-pkgversion='Ubuntu 5.4.0-6ubuntu1~16.04.4' --with-bugurl=file:///usr/share/doc/gcc-5/README.Bugs --enable-languages=c,ada,c++,java,go,d,fortran,objc,obj-c++ --prefix=/usr --program-suffix=-5 --enable-shared --enable-linker-build-id --libexecdir=/usr/lib --without-included-gettext --enable-threads=posix --libdir=/usr/lib --enable-nls --with-sysroot=/ --enable-clocale=gnu --enable-libstdcxx-debug --enable-libstdcxx-time=yes --with-default-libstdcxx-abi=new --enable-gnu-unique-object --disable-vtable-verify --enable-libmpx --enable-plugin --with-system-zlib --disable-browser-plugin --enable-java-awt=gtk --enable-gtk-cairo --with-java-home=/usr/lib/jvm/java-1.5.0-gcj-5-amd64/jre --enable-java-home --with-jvm-root-dir=/usr/lib/jvm/java-1.5.0-gcj-5-amd64 --with-jvm-jar-dir=/usr/lib/jvm-exports/java-1.5.0-gcj-5-amd64 --with-arch-directory=amd64 --with-ecj-jar=/usr/share/java/eclipse-ecj.jar --enable-objc-gc --enable-multiarch --disable-werror --with-arch-32=i686 --with-abi=m64 --with-multilib-list=m32,m64,mx32 --enable-multilib --with-tune=generic --enable-checking=release --build=x86_64-linux-gnu --host=x86_64-linux-gnu --target=x86_64-linux-gnu
Thread model: posix
gcc version 5.4.0 20160609 (Ubuntu 5.4.0-6ubuntu1~16.04.4) 
configure:4440: $? = 0
configure:4429: c++ -V >&5
c++: error: unrecognized command line option '-V'
c++: fatal error: no input files
compilation terminated.
configure:4440: $? = 1
configure:4429: c++ -qversion >&5
c++: error: unrecognized command line option '-qversion'
c++: fatal error: no input files
compilation terminated.
configure:4440: $? = 1
configure:4444: checking whether we are using the GNU C compiler
configure:4463: c++ -c   conftest.c >&5
configure:4463: $? = 0
configure:4472: result: yes
configure:4481: checking whether c++ accepts -g
configure:4501: c++ -c -g  conftest.c >&5
configure:4501: $? = 0
configure:4542: result: yes
configure:4559: checking for c++ option to accept ISO C89
configure:4623: c++  -c -g -O2  conftest.c >&5
conftest.c:24:17: error: 'p' was not declared in this scope
 static char *e (p, i)
                 ^
conftest.c:24:20: error: 'i' was not declared in this scope
 static char *e (p, i)
                    ^
conftest.c:24:21: error: expression list treated as compound expression in initializer [-fpermissive]
 static char *e (p, i)
                     ^
conftest.c:25:6: error: expected ',' or ';' before 'char'
      char **p;
      ^
conftest.c:27:1: error: expected unqualified-id before '{' token
 {
 ^
conftest.c: In function 'int main()':
conftest.c:63:21: error: cannot convert 'char*' to 'char* (*)(char**, int)' for argument '1' to 'char* f(char* (*)(char**, int), char**, ...)'
 return f (e, argv, 0) != argv[0]  ||  f (e, argv, 1) != argv[1];
                     ^
conftest.c:63:52: error: cannot convert 'char*' to 'char* (*)(char**, int)' for argument '1' to 'char* f(char* (*)(char**, int), char**, ...)'
 return f (e, argv, 0) != argv[0]  ||  f (e, argv, 1) != argv[1];
                                                    ^
configure:4623: $? = 1
configure: failed program was:
| /* confdefs.h */
| #define PACKAGE_NAME "qd"
| #define PACKAGE_TARNAME "qd"
| #define PACKAGE_VERSION "2.3.12"
| #define PACKAGE_STRING "qd 2.3.12"
| #define PACKAGE_BUGREPORT "yozo@cs.berkeley.edu"
| #define PACKAGE_URL ""
| #define MAJOR_VERSION 2
| #define MINOR_VERSION 3
| #define PATCH_VERSION 12
| #define PACKAGE "qd"
| #define VERSION "2.3.12"
| #define QD_INLINE 1
| #define QD_SLOPPY_MUL 1
| #define QD_SLOPPY_DIV 1
| /* end confdefs.h.  */
| #include <stdarg.h>
| #include <stdio.h>
| #include <sys/types.h>
| #include <sys/stat.h>
| /* Most of the following tests are stolen from RCS 5.7's src/conf.sh.  */
| struct buf { int x; };
| FILE * (*rcsopen) (struct buf *, struct stat *, int);
| static char *e (p, i)
|      char **p;
|      int i;
| {
|   return p[i];
| }
| static char *f (char * (*g) (char **, int), char **p, ...)
| {
|   char *s;
|   va_list v;
|   va_start (v,p);
|   s = g (p, va_arg (v,int));
|   va_end (v);
|   return s;
| }
| 
| /* OSF 4.0 Compaq cc is some sort of almost-ANSI by default.  It has
|    function prototypes and stuff, but not '\xHH' hex character constants.
|    These don't provoke an error unfortunately, instead are silently treated
|    as 'x'.  The following induces an error, until -std is added to get
|    proper ANSI mode.  Curiously '\x00'!='x' always comes out true, for an
|    array size at least.  It's necessary to write '\x00'==0 to get something
|    that's true only with -std.  */
| int osf4_cc_array ['\x00' == 0 ? 1 : -1];
| 
| /* IBM C 6 for AIX is almost-ANSI by default, but it replaces macro parameters
|    inside strings and character constants.  */
| #define FOO(x) 'x'
| int xlc6_cc_array[FOO(a) == 'x' ? 1 : -1];
| 
| int test (int i, double x);
| struct s1 {int (*f) (int a);};
| struct s2 {int (*f) (double a);};
| int pairnames (int, char **, FILE *(*)(struct buf *, struct stat *, int), int, int);
| int argc;
| char **argv;
| int
| main ()
| {
| return f (e, argv, 0) != argv[0]  ||  f (e, argv, 1) != argv[1];
|   ;
|   return 0;
| }
configure:4623: c++ -qlanglvl=extc89 -c -g -O2  conftest.c >&5
c++: error: unrecognized command line option '-qlanglvl=extc89'
configure:4623: $? = 1
configure: failed program was:
| /* confdefs.h */
| #define PACKAGE_NAME "qd"
| #define PACKAGE_TARNAME "qd"
| #define PACKAGE_VERSION "2.3.12"
| #define PACKAGE_STRING "qd 2.3.12"
| #define PACKAGE_BUGREPORT "yozo@cs.berkeley.edu"
| #define PACKAGE_URL ""
| #define MAJOR_VERSION 2
| #define MINOR_VERSION 3
| #define PATCH_VERSION 12
| #define PACKAGE "qd"
| #define VERSION "2.3.12"
| #define QD_INLINE 1
| #define QD_SLOPPY_MUL 1
| #define QD_SLOPPY_DIV 1
| /* end confdefs.h.  */
| #include <stdarg.h>
| #include <stdio.h>
| #include <sys/types.h>
| #include <sys/stat.h>
| /* Most of the following tests are stolen from RCS 5.7's src/conf.sh.  */
| struct buf { int x; };
| FILE * (*rcsopen) (struct buf *, struct stat *, int);
| static char *e (p, i)
|      char **p;
|      int i;
| {
|   return p[i];
| }
| static char *f (char * (*g) (char **, int), char **p, ...)
| {
|   char *s;
|   va_list v;
|   va_start (v,p);
|   s = g (p, va_arg (v,int));
|   va_end (v);
|   return s;
| }
| 
| /* OSF 4.0 Compaq cc is some sort of almost-ANSI by default.  It has
|    function prototypes and stuff, but not '\xHH' hex character constants.
|    These don't provoke an error unfortunately, instead are silently treated
|    as 'x'.  The following induces an error, until -std is added to get
|    proper ANSI mode.  Curiously '\x00'!='x' always comes out true, for an
|    array size at least.  It's necessary to write '\x00'==0 to get something
|    that's true only with -std.  */
| int osf4_cc_array ['\x00' == 0 ? 1 : -1];
| 
| /* IBM C 6 for AIX is almost-ANSI by default, but it replaces macro parameters
|    inside strings and character constants.  */
| #define FOO(x) 'x'
| int xlc6_cc_array[FOO(a) == 'x' ? 1 : -1];
| 
| int test (int i, double x);
| struct s1 {int (*f) (int a);};
| struct s2 {int (*f) (double a);};
| int pairnames (int, char **, FILE *(*)(struct buf *, struct stat *, int), int, int);
| int argc;
| char **argv;
| int
| main ()
| {
| return f (e, argv, 0) != argv[0]  ||  f (e, argv, 1) != argv[1];
|   ;
|   return 0;
| }
configure:4623: c++ -qlanglvl=ansi -c -g -O2  conftest.c >&5
c++: error: unrecognized command line option '-qlanglvl=ansi'
configure:4623: $? = 1
configure: failed program was:
| /* confdefs.h */
| #define PACKAGE_NAME "qd"
| #define PACKAGE_TARNAME "qd"
| #define PACKAGE_VERSION "2.3.12"
| #define PACKAGE_STRING "qd 2.3.12"
| #define PACKAGE_BUGREPORT "yozo@cs.berkeley.edu"
| #define PACKAGE_URL ""
| #define MAJOR_VERSION 2
| #define MINOR_VERSION 3
| #define PATCH_VERSION 12
| #define PACKAGE "qd"
| #define VERSION "2.3.12"
| #define QD_INLINE 1
| #define QD_SLOPPY_MUL 1
| #define QD_SLOPPY_DIV 1
| /* end confdefs.h.  */
| #include <stdarg.h>
| #include <stdio.h>
| #include <sys/types.h>
| #include <sys/stat.h>
| /* Most of the following tests are stolen from RCS 5.7's src/conf.sh.  */
| struct buf { int x; };
| FILE * (*rcsopen) (struct buf *, struct stat *, int);
| static char *e (p, i)
|      char **p;
|      int i;
| {
|   return p[i];
| }
| static char *f (char * (*g) (char **, int), char **p, ...)
| {
|   char *s;
|   va_list v;
|   va_start (v,p);
|   s = g (p, va_arg (v,int));
|   va_end (v);
|   return s;
| }
| 
| /* OSF 4.0 Compaq cc is some sort of almost-ANSI by default.  It has
|    function prototypes and stuff, but not '\xHH' hex character constants.
|    These don't provoke an error unfortunately, instead are silently treated
|    as 'x'.  The following induces an error, until -std is added to get
|    proper ANSI mode.  Curiously '\x00'!='x' always comes out true, for an
|    array size at least.  It's necessary to write '\x00'==0 to get something
|    that's true only with -std.  */
| int osf4_cc_array ['\x00' == 0 ? 1 : -1];
| 
| /* IBM C 6 for AIX is almost-ANSI by default, but it replaces macro parameters
|    inside strings and character constants.  */
| #define FOO(x) 'x'
| int xlc6_cc_array[FOO(a) == 'x' ? 1 : -1];
| 
| int test (int i, double x);
| struct s1 {int (*f) (int a);};
| struct s2 {int (*f) (double a);};
| int pairnames (int, char **, FILE *(*)(struct buf *, struct stat *, int), int, int);
| int argc;
| char **argv;
| int
| main ()
| {
| return f (e, argv, 0) != argv[0]  ||  f (e, argv, 1) != argv[1];
|   ;
|   return 0;
| }
configure:4623: c++ -std -c -g -O2  conftest.c >&5
c++: error: unrecognized command line option '-std'
configure:4623: $? = 1
configure: failed program was:
| /* confdefs.h */
| #define PACKAGE_NAME "qd"
| #define PACKAGE_TARNAME "qd"
| #define PACKAGE_VERSION "2.3.12"
| #define PACKAGE_STRING "qd 2.3.12"
| #define PACKAGE_BUGREPORT "yozo@cs.berkeley.edu"
| #define PACKAGE_URL ""
| #define MAJOR_VERSION 2
| #define MINOR_VERSION 3
| #define PATCH_VERSION 12
| #define PACKAGE "qd"
| #define VERSION "2.3.12"
| #define QD_INLINE 1
| #define QD_SLOPPY_MUL 1
| #define QD_SLOPPY_DIV 1
| /* end confdefs.h.  */
| #include <stdarg.h>
| #include <stdio.h>
| #include <sys/types.h>
| #include <sys/stat.h>
| /* Most of the following tests are stolen from RCS 5.7's src/conf.sh.  */
| struct buf { int x; };
| FILE * (*rcsopen) (struct buf *, struct stat *, int);
| static char *e (p, i)
|      char **p;
|      int i;
| {
|   return p[i];
| }
| static char *f (char * (*g) (char **, int), char **p, ...)
| {
|   char *s;
|   va_list v;
|   va_start (v,p);
|   s = g (p, va_arg (v,int));
|   va_end (v);
|   return s;
| }
| 
| /* OSF 4.0 Compaq cc is some sort of almost-ANSI by default.  It has
|    function prototypes and stuff, but not '\xHH' hex character constants.
|    These don't provoke an error unfortunately, instead are silently treated
|    as 'x'.  The following induces an error, until -std is added to get
|    proper ANSI mode.  Curiously '\x00'!='x' always comes out true, for an
|    array size at least.  It's necessary to write '\x00'==0 to get something
|    that's true only with -std.  */
| int osf4_cc_array ['\x00' == 0 ? 1 : -1];
| 
| /* IBM C 6 for AIX is almost-ANSI by default, but it replaces macro parameters
|    inside strings and character constants.  */
| #define FOO(x) 'x'
| int xlc6_cc_array[FOO(a) == 'x' ? 1 : -1];
| 
| int test (int i, double x);
| struct s1 {int (*f) (int a);};
| struct s2 {int (*f) (double a);};
| int pairnames (int, char **, FILE *(*)(struct buf *, struct stat *, int), int, int);
| int argc;
| char **argv;
| int
| main ()
| {
| return f (e, argv, 0) != argv[0]  ||  f (e, argv, 1) != argv[1];
|   ;
|   return 0;
| }
configure:4623: c++ -Ae -c -g -O2  conftest.c >&5
<command-line>:0:1: error: missing '(' after predicate
conftest.c:24:17: error: 'p' was not declared in this scope
 static char *e (p, i)
                 ^
conftest.c:24:20: error: 'i' was not declared in this scope
 static char *e (p, i)
                    ^
conftest.c:24:21: error: expression list treated as compound expression in initializer [-fpermissive]
 static char *e (p, i)
                     ^
conftest.c:25:6: error: expected ',' or ';' before 'char'
      char **p;
      ^
conftest.c:27:1: error: expected unqualified-id before '{' token
 {
 ^
conftest.c: In function 'int main()':
conftest.c:63:21: error: cannot convert 'char*' to 'char* (*)(char**, int)' for argument '1' to 'char* f(char* (*)(char**, int), char**, ...)'
 return f (e, argv, 0) != argv[0]  ||  f (e, argv, 1) != argv[1];
                     ^
conftest.c:63:52: error: cannot convert 'char*' to 'char* (*)(char**, int)' for argument '1' to 'char* f(char* (*)(char**, int), char**, ...)'
 return f (e, argv, 0) != argv[0]  ||  f (e, argv, 1) != argv[1];
                                                    ^
configure:4623: $? = 1
configure: failed program was:
| /* confdefs.h */
| #define PACKAGE_NAME "qd"
| #define PACKAGE_TARNAME "qd"
| #define PACKAGE_VERSION "2.3.12"
| #define PACKAGE_STRING "qd 2.3.12"
| #define PACKAGE_BUGREPORT "yozo@cs.berkeley.edu"
| #define PACKAGE_URL ""
| #define MAJOR_VERSION 2
| #define MINOR_VERSION 3
| #define PATCH_VERSION 12
| #define PACKAGE "qd"
| #define VERSION "2.3.12"
| #define QD_INLINE 1
| #define QD_SLOPPY_MUL 1
| #define QD_SLOPPY_DIV 1
| /* end confdefs.h.  */
| #include <stdarg.h>
| #include <stdio.h>
| #include <sys/types.h>
| #include <sys/stat.h>
| /* Most of the following tests are stolen from RCS 5.7's src/conf.sh.  */
| struct buf { int x; };
| FILE * (*rcsopen) (struct buf *, struct stat *, int);
| static char *e (p, i)
|      char **p;
|      int i;
| {
|   return p[i];
| }
| static char *f (char * (*g) (char **, int), char **p, ...)
| {
|   char *s;
|   va_list v;
|   va_start (v,p);
|   s = g (p, va_arg (v,int));
|   va_end (v);
|   return s;
| }
| 
| /* OSF 4.0 Compaq cc is some sort of almost-ANSI by default.  It has
|    function prototypes and stuff, but not '\xHH' hex character constants.
|    These don't provoke an error unfortunately, instead are silently treated
|    as 'x'.  The following induces an error, until -std is added to get
|    proper ANSI mode.  Curiously '\x00'!='x' always comes out true, for an
|    array size at least.  It's necessary to write '\x00'==0 to get something
|    that's true only with -std.  */
| int osf4_cc_array ['\x00' == 0 ? 1 : -1];
| 
| /* IBM C 6 for AIX is almost-ANSI by default, but it replaces macro parameters
|    inside strings and character constants.  */
| #define FOO(x) 'x'
| int xlc6_cc_array[FOO(a) == 'x' ? 1 : -1];
| 
| int test (int i, double x);
| struct s1 {int (*f) (int a);};
| struct s2 {int (*f) (double a);};
| int pairnames (int, char **, FILE *(*)(struct buf *, struct stat *, int), int, int);
| int argc;
| char **argv;
| int
| main ()
| {
| return f (e, argv, 0) != argv[0]  ||  f (e, argv, 1) != argv[1];
|   ;
|   return 0;
| }
configure:4623: c++ -Aa -D_HPUX_SOURCE -c -g -O2  conftest.c >&5
<command-line>:0:1: error: missing '(' after predicate
conftest.c:24:17: error: 'p' was not declared in this scope
 static char *e (p, i)
                 ^
conftest.c:24:20: error: 'i' was not declared in this scope
 static char *e (p, i)
                    ^
conftest.c:24:21: error: expression list treated as compound expression in initializer [-fpermissive]
 static char *e (p, i)
                     ^
conftest.c:25:6: error: expected ',' or ';' before 'char'
      char **p;
      ^
conftest.c:27:1: error: expected unqualified-id before '{' token
 {
 ^
conftest.c: In function 'int main()':
conftest.c:63:21: error: cannot convert 'char*' to 'char* (*)(char**, int)' for argument '1' to 'char* f(char* (*)(char**, int), char**, ...)'
 return f (e, argv, 0) != argv[0]  ||  f (e, argv, 1) != argv[1];
                     ^
conftest.c:63:52: error: cannot convert 'char*' to 'char* (*)(char**, int)' for argument '1' to 'char* f(char* (*)(char**, int), char**, ...)'
 return f (e, argv, 0) != argv[0]  ||  f (e, argv, 1) != argv[1];
                                                    ^
configure:4623: $? = 1
configure: failed program was:
| /* confdefs.h */
| #define PACKAGE_NAME "qd"
| #define PACKAGE_TARNAME "qd"
| #define PACKAGE_VERSION "2.3.12"
| #define PACKAGE_STRING "qd 2.3.12"
| #define PACKAGE_BUGREPORT "yozo@cs.berkeley.edu"
| #define PACKAGE_URL ""
| #define MAJOR_VERSION 2
| #define MINOR_VERSION 3
| #define PATCH_VERSION 12
| #define PACKAGE "qd"
| #define VERSION "2.3.12"
| #define QD_INLINE 1
| #define QD_SLOPPY_MUL 1
| #define QD_SLOPPY_DIV 1
| /* end confdefs.h.  */
| #include <stdarg.h>
| #include <stdio.h>
| #include <sys/types.h>
| #include <sys/stat.h>
| /* Most of the following tests are stolen from RCS 5.7's src/conf.sh.  */
| struct buf { int x; };
| FILE * (*rcsopen) (struct buf *, struct stat *, int);
| static char *e (p, i)
|      char **p;
|      int i;
| {
|   return p[i];
| }
| static char *f (char * (*g) (char **, int), char **p, ...)
| {
|   char *s;
|   va_list v;
|   va_start (v,p);
|   s = g (p, va_arg (v,int));
|   va_end (v);
|   return s;
| }
| 
| /* OSF 4.0 Compaq cc is some sort of almost-ANSI by default.  It has
|    function prototypes and stuff, but not '\xHH' hex character constants.
|    These don't provoke an error unfortunately, instead are silently treated
|    as 'x'.  The following induces an error, until -std is added to get
|    proper ANSI mode.  Curiously '\x00'!='x' always comes out true, for an
|    array size at least.  It's necessary to write '\x00'==0 to get something
|    that's true only with -std.  */
| int osf4_cc_array ['\x00' == 0 ? 1 : -1];
| 
| /* IBM C 6 for AIX is almost-ANSI by default, but it replaces macro parameters
|    inside strings and character constants.  */
| #define FOO(x) 'x'
| int xlc6_cc_array[FOO(a) == 'x' ? 1 : -1];
| 
| int test (int i, double x);
| struct s1 {int (*f) (int a);};
| struct s2 {int (*f) (double a);};
| int pairnames (int, char **, FILE *(*)(struct buf *, struct stat *, int), int, int);
| int argc;
| char **argv;
| int
| main ()
| {
| return f (e, argv, 0) != argv[0]  ||  f (e, argv, 1) != argv[1];
|   ;
|   return 0;
| }
configure:4623: c++ -Xc -D__EXTENSIONS__ -c -g -O2  conftest.c >&5
c++: error: unrecognized command line option '-Xc'
configure:4623: $? = 1
configure: failed program was:
| /* confdefs.h */
| #define PACKAGE_NAME "qd"
| #define PACKAGE_TARNAME "qd"
| #define PACKAGE_VERSION "2.3.12"
| #define PACKAGE_STRING "qd 2.3.12"
| #define PACKAGE_BUGREPORT "yozo@cs.berkeley.edu"
| #define PACKAGE_URL ""
| #define MAJOR_VERSION 2
| #define MINOR_VERSION 3
| #define PATCH_VERSION 12
| #define PACKAGE "qd"
| #define VERSION "2.3.12"
| #define QD_INLINE 1
| #define QD_SLOPPY_MUL 1
| #define QD_SLOPPY_DIV 1
| /* end confdefs.h.  */
| #include <stdarg.h>
| #include <stdio.h>
| #include <sys/types.h>
| #include <sys/stat.h>
| /* Most of the following tests are stolen from RCS 5.7's src/conf.sh.  */
| struct buf { int x; };
| FILE * (*rcsopen) (struct buf *, struct stat *, int);
| static char *e (p, i)
|      char **p;
|      int i;
| {
|   return p[i];
| }
| static char *f (char * (*g) (char **, int), char **p, ...)
| {
|   char *s;
|   va_list v;
|   va_start (v,p);
|   s = g (p, va_arg (v,int));
|   va_end (v);
|   return s;
| }
| 
| /* OSF 4.0 Compaq cc is some sort of almost-ANSI by default.  It has
|    function prototypes and stuff, but not '\xHH' hex character constants.
|    These don't provoke an error unfortunately, instead are silently treated
|    as 'x'.  The following induces an error, until -std is added to get
|    proper ANSI mode.  Curiously '\x00'!='x' always comes out true, for an
|    array size at least.  It's necessary to write '\x00'==0 to get something
|    that's true only with -std.  */
| int osf4_cc_array ['\x00' == 0 ? 1 : -1];
| 
| /* IBM C 6 for AIX is almost-ANSI by default, but it replaces macro parameters
|    inside strings and character constants.  */
| #define FOO(x) 'x'
| int xlc6_cc_array[FOO(a) == 'x' ? 1 : -1];
| 
| int test (int i, double x);
| struct s1 {int (*f) (int a);};
| struct s2 {int (*f) (double a);};
| int pairnames (int, char **, FILE *(*)(struct buf *, struct stat *, int), int, int);
| int argc;
| char **argv;
| int
| main ()
| {
| return f (e, argv, 0) != argv[0]  ||  f (e, argv, 1) != argv[1];
|   ;
|   return 0;
| }
configure:4639: result: unsupported
configure:4658: checking dependency style of c++
configure:4768: result: gcc3
configure:5571: checking how to run the C++ preprocessor
configure:5598: c++ -E  conftest.cpp
configure:5598: $? = 0
configure:5612: c++ -E  conftest.cpp
conftest.cpp:17:28: fatal error: ac_nonexistent.h: No such file or directory
compilation terminated.
configure:5612: $? = 1
configure: failed program was:
| /* confdefs.h */
| #define PACKAGE_NAME "qd"
| #define PACKAGE_TARNAME "qd"
| #define PACKAGE_VERSION "2.3.12"
| #define PACKAGE_STRING "qd 2.3.12"
| #define PACKAGE_BUGREPORT "yozo@cs.berkeley.edu"
| #define PACKAGE_URL ""
| #define MAJOR_VERSION 2
| #define MINOR_VERSION 3
| #define PATCH_VERSION 12
| #define PACKAGE "qd"
| #define VERSION "2.3.12"
| #define QD_INLINE 1
| #define QD_SLOPPY_MUL 1
| #define QD_SLOPPY_DIV 1
| /* end confdefs.h.  */
| #include <ac_nonexistent.h>
configure:5637: result: c++ -E
configure:5657: c++ -E  conftest.cpp
configure:5657: $? = 0
configure:5671: c++ -E  conftest.cpp
conftest.cpp:17:28: fatal error: ac_nonexistent.h: No such file or directory
compilation terminated.
configure:5671: $? = 1
configure: failed program was:
| /* confdefs.h */
| #define PACKAGE_NAME "qd"
| #define PACKAGE_TARNAME "qd"
| #define PACKAGE_VERSION "2.3.12"
| #define PACKAGE_STRING "qd 2.3.12"
| #define PACKAGE_BUGREPORT "yozo@cs.berkeley.edu"
| #define PACKAGE_URL ""
| #define MAJOR_VERSION 2
| #define MINOR_VERSION 3
| #define PATCH_VERSION 12
| #define PACKAGE "qd"
| #define VERSION "2.3.12"
| #define QD_INLINE 1
| #define QD_SLOPPY_MUL 1
| #define QD_SLOPPY_DIV 1
| /* end confdefs.h.  */
| #include <ac_nonexistent.h>
configure:5700: checking for grep that handles long lines and -e
configure:5758: result: /bin/grep
configure:5763: checking for egrep
configure:5825: result: /bin/grep -E
configure:5830: checking for ANSI C header files
configure:5850: c++ -c -O2   conftest.cpp >&5
configure:5850: $? = 0
configure:5923: c++ -o conftest -O2    conftest.cpp  >&5
configure:5923: $? = 0
configure:5923: ./conftest
configure:5923: $? = 0
configure:5934: result: yes
configure:5947: checking for sys/types.h
configure:5947: c++ -c -O2   conftest.cpp >&5
configure:5947: $? = 0
configure:5947: result: yes
configure:5947: checking for sys/stat.h
configure:5947: c++ -c -O2   conftest.cpp >&5
configure:5947: $? = 0
configure:5947: result: yes
configure:5947: checking for stdlib.h
configure:5947: c++ -c -O2   conftest.cpp >&5
configure:5947: $? = 0
configure:5947: result: yes
configure:5947: checking for string.h
configure:5947: c++ -c -O2   conftest.cpp >&5
configure:5947: $? = 0
configure:5947: result: yes
configure:5947: checking for memory.h
configure:5947: c++ -c -O2   conftest.cpp >&5
configure:5947: $? = 0
configure:5947: result: yes
configure:5947: checking for strings.h
configure:5947: c++ -c -O2   conftest.cpp >&5
configure:5947: $? = 0
configure:5947: result: yes
configure:5947: checking for inttypes.h
configure:5947: c++ -c -O2   conftest.cpp >&5
configure:5947: $? = 0
configure:5947: result: yes
configure:5947: checking for stdint.h
configure:5947: c++ -c -O2   conftest.cpp >&5
configure:5947: $? = 0
configure:5947: result: yes
configure:5947: checking for unistd.h
configure:5947: c++ -c -O2   conftest.cpp >&5
configure:5947: $? = 0
configure:5947: result: yes
configure:5962: checking ieeefp.h usability
configure:5962: c++ -c -O2   conftest.cpp >&5
conftest.cpp:60:20: fatal error: ieeefp.h: No such file or directory
compilation terminated.
configure:5962: $? = 1
configure: failed program was:
| /* confdefs.h */
| #define PACKAGE_NAME "qd"
| #define PACKAGE_TARNAME "qd"
| #define PACKAGE_VERSION "2.3.12"
| #define PACKAGE_STRING "qd 2.3.12"
| #define PACKAGE_BUGREPORT "yozo@cs.berkeley.edu"
| #define PACKAGE_URL ""
| #define MAJOR_VERSION 2
| #define MINOR_VERSION 3
| #define PATCH_VERSION 12
| #define PACKAGE "qd"
| #define VERSION "2.3.12"
| #define QD_INLINE 1
| #define QD_SLOPPY_MUL 1
| #define QD_SLOPPY_DIV 1
| #define STDC_HEADERS 1
| #define HAVE_SYS_TYPES_H 1
| #define HAVE_SYS_STAT_H 1
| #define HAVE_STDLIB_H 1
| #define HAVE_STRING_H 1
| #define HAVE_MEMORY_H 1
| #define HAVE_STRINGS_H 1
| #define HAVE_INTTYPES_H 1
| #define HAVE_STDINT_H 1
| #define HAVE_UNISTD_H 1
| /* end confdefs.h.  */
| #include <stdio.h>
| #ifdef HAVE_SYS_TYPES_H
| # include <sys/types.h>
| #endif
| #ifdef HAVE_SYS_STAT_H
| # include <sys/stat.h>
| #endif
| #ifdef STDC_HEADERS
| # include <stdlib.h>
| # include <stddef.h>
| #else
| # ifdef HAVE_STDLIB_H
| #  include <stdlib.h>
| # endif
| #endif
| #ifdef HAVE_STRING_H
| # if !defined STDC_HEADERS && defined HAVE_MEMORY_H
| #  include <memory.h>
| # endif
| # include <string.h>
| #endif
| #ifdef HAVE_STRINGS_H
| # include <strings.h>
| #endif
| #ifdef HAVE_INTTYPES_H
| # include <inttypes.h>
| #endif
| #ifdef HAVE_STDINT_H
| # include <stdint.h>
| #endif
| #ifdef HAVE_UNISTD_H
| # include <unistd.h>
| #endif
| #include <ieeefp.h>
configure:5962: result: no
configure:5962: checking ieeefp.h presence
configure:5962: c++ -E  conftest.cpp
conftest.cpp:27:20: fatal error: ieeefp.h: No such file or directory
compilation terminated.
configure:5962: $? = 1
configure: failed program was:
| /* confdefs.h */
| #define PACKAGE_NAME "qd"
| #define PACKAGE_TARNAME "qd"
| #define PACKAGE_VERSION "2.3.12"
| #define PACKAGE_STRING "qd 2.3.12"
| #define PACKAGE_BUGREPORT "yozo@cs.berkeley.edu"
| #define PACKAGE_URL ""
| #define MAJOR_VERSION 2
| #define MINOR_VERSION 3
| #define PATCH_VERSION 12
| #define PACKAGE "qd"
| #define VERSION "2.3.12"
| #define QD_INLINE 1
| #define QD_SLOPPY_MUL 1
| #define QD_SLOPPY_DIV 1
| #define STDC_HEADERS 1
| #define HAVE_SYS_TYPES_H 1
| #define HAVE_SYS_STAT_H 1
| #define HAVE_STDLIB_H 1
| #define HAVE_STRING_H 1
| #define HAVE_MEMORY_H 1
| #define HAVE_STRINGS_H 1
| #define HAVE_INTTYPES_H 1
| #define HAVE_STDINT_H 1
| #define HAVE_UNISTD_H 1
| /* end confdefs.h.  */
| #include <ieeefp.h>
configure:5962: result: no
configure:5962: checking for ieeefp.h
configure:5962: result: no
configure:5977: checking for stdbool.h that conforms to C99
configure:6062: c++ -c -O2   conftest.cpp >&5
configure:6062: $? = 0
configure:6069: result: yes
configure:6071: checking for _Bool
configure:6071: c++ -c -O2   conftest.cpp >&5
conftest.cpp: In function 'int main()':
conftest.cpp:63:13: error: '_Bool' was not declared in this scope
 if (sizeof (_Bool))
             ^
configure:6071: $? = 1
configure: failed program was:
| /* confdefs.h */
| #define PACKAGE_NAME "qd"
| #define PACKAGE_TARNAME "qd"
| #define PACKAGE_VERSION "2.3.12"
| #define PACKAGE_STRING "qd 2.3.12"
| #define PACKAGE_BUGREPORT "yozo@cs.berkeley.edu"
| #define PACKAGE_URL ""
| #define MAJOR_VERSION 2
| #define MINOR_VERSION 3
| #define PATCH_VERSION 12
| #define PACKAGE "qd"
| #define VERSION "2.3.12"
| #define QD_INLINE 1
| #define QD_SLOPPY_MUL 1
| #define QD_SLOPPY_DIV 1
| #define STDC_HEADERS 1
| #define HAVE_SYS_TYPES_H 1
| #define HAVE_SYS_STAT_H 1
| #define HAVE_STDLIB_H 1
| #define HAVE_STRING_H 1
| #define HAVE_MEMORY_H 1
| #define HAVE_STRINGS_H 1
| #define HAVE_INTTYPES_H 1
| #define HAVE_STDINT_H 1
| #define HAVE_UNISTD_H 1
| /* end confdefs.h.  */
| #include <stdio.h>
| #ifdef HAVE_SYS_TYPES_H
| # include <sys/types.h>
| #endif
| #ifdef HAVE_SYS_STAT_H
| # include <sys/stat.h>
| #endif
| #ifdef STDC_HEADERS
| # include <stdlib.h>
| # include <stddef.h>
| #else
| # ifdef HAVE_STDLIB_H
| #  include <stdlib.h>
| # endif
| #endif
| #ifdef HAVE_STRING_H
| # if !defined STDC_HEADERS && defined HAVE_MEMORY_H
| #  include <memory.h>
| # endif
| # include <string.h>
| #endif
| #ifdef HAVE_STRINGS_H
| # include <strings.h>
| #endif
| #ifdef HAVE_INTTYPES_H
| # include <inttypes.h>
| #endif
| #ifdef HAVE_STDINT_H
| # include <stdint.h>
| #endif
| #ifdef HAVE_UNISTD_H
| # include <unistd.h>
| #endif
| int
| main ()
| {
| if (sizeof (_Bool))
| 	 return 0;
|   ;
|   return 0;
| }
configure:6071: result: no
configure:6087: checking whether time.h and sys/time.h may both be included
configure:6107: c++ -c -O2   conftest.cpp >&5
configure:6107: $? = 0
configure:6114: result: yes
configure:6122: checking whether struct tm is in sys/time.h or time.h
configure:6142: c++ -c -O2   conftest.cpp >&5
configure:6142: $? = 0
configure:6149: result: time.h
configure:6159: checking whether x86 FPU control code is needed
configure:6170: result: yes
configure:6175: checking fpu_control.h usability
configure:6175: c++ -c -O2   conftest.cpp >&5
configure:6175: $? = 0
configure:6175: result: yes
configure:6175: checking fpu_control.h presence
configure:6175: c++ -E  conftest.cpp
configure:6175: $? = 0
configure:6175: result: yes
configure:6175: checking for fpu_control.h
configure:6175: result: yes
configure:6190: checking for gettimeofday
configure:6190: c++ -o conftest -O2    conftest.cpp  >&5
configure:6190: $? = 0
configure:6190: result: yes
configure:6200: checking for clock_gettime useability
configure:6218: c++ -c -O2   conftest.cpp >&5
configure:6218: $? = 0
configure:6230: result: yes
configure:6234: checking for library containing clock_gettime
configure:6265: c++ -o conftest -O2    conftest.cpp  >&5
configure:6265: $? = 0
configure:6282: result: none required
configure:6294: checking for isnan
configure:6311: c++ -c -O2   conftest.cpp >&5
configure:6311: $? = 0
configure:6312: result: std::isnan
configure:6350: checking for isinf
configure:6367: c++ -c -O2   conftest.cpp >&5
configure:6367: $? = 0
configure:6368: result: std::isinf
configure:6406: checking for isfinite
configure:6423: c++ -c -O2   conftest.cpp >&5
configure:6423: $? = 0
configure:6424: result: std::isfinite
configure:6462: checking for copysign
configure:6479: c++ -c -O2   conftest.cpp >&5
conftest.cpp: In function 'int main()':
conftest.cpp:38:22: error: 'copysign' is not a member of 'std'
                      std::copysign(1.0, 1.0);
                      ^
conftest.cpp:38:22: note: suggested alternative:
In file included from /usr/include/features.h:367:0,
                 from /usr/include/x86_64-linux-gnu/c++/5/bits/os_defines.h:39,
                 from /usr/include/x86_64-linux-gnu/c++/5/bits/c++config.h:482,
                 from /usr/include/c++/5/cmath:41,
                 from conftest.cpp:36:
/usr/include/x86_64-linux-gnu/bits/mathcalls.h:221:1: note:   'copysign'
 __MATHCALLX (copysign,, (_Mdouble_ __x, _Mdouble_ __y), (__const__));
 ^
configure:6479: $? = 1
configure: failed program was:
| /* confdefs.h */
| #define PACKAGE_NAME "qd"
| #define PACKAGE_TARNAME "qd"
| #define PACKAGE_VERSION "2.3.12"
| #define PACKAGE_STRING "qd 2.3.12"
| #define PACKAGE_BUGREPORT "yozo@cs.berkeley.edu"
| #define PACKAGE_URL ""
| #define MAJOR_VERSION 2
| #define MINOR_VERSION 3
| #define PATCH_VERSION 12
| #define PACKAGE "qd"
| #define VERSION "2.3.12"
| #define QD_INLINE 1
| #define QD_SLOPPY_MUL 1
| #define QD_SLOPPY_DIV 1
| #define STDC_HEADERS 1
| #define HAVE_SYS_TYPES_H 1
| #define HAVE_SYS_STAT_H 1
| #define HAVE_STDLIB_H 1
| #define HAVE_STRING_H 1
| #define HAVE_MEMORY_H 1
| #define HAVE_STRINGS_H 1
| #define HAVE_INTTYPES_H 1
| #define HAVE_STDINT_H 1
| #define HAVE_UNISTD_H 1
| #define HAVE_STDBOOL_H 1
| #define TIME_WITH_SYS_TIME 1
| #define X86 1
| #define HAVE_FPU_CONTROL_H 1
| #define HAVE_GETTIMEOFDAY 1
| #define HAVE_CLOCK_GETTIME 1
| #define QD_ISNAN(x) std::isnan(x)
| #define QD_ISINF(x) std::isinf(x)
| #define QD_ISFINITE(x) std::isfinite(x)
| /* end confdefs.h.  */
| #include <cmath>
|                    int main() {
|                      std::copysign(1.0, 1.0);
|                      return 0;
|                    }
configure:6494: c++ -c -O2   conftest.cpp >&5
configure:6494: $? = 0
configure:6495: result: ::copysign
configure:6599: checking for xlf95
configure:6629: result: no
configure:6599: checking for ifort
configure:6629: result: no
configure:6599: checking for pathf95
configure:6629: result: no
configure:6599: checking for f95
configure:6615: found /usr/bin/f95
configure:6626: result: f95
configure:6652: checking for Fortran compiler version
configure:6661: f95 --version >&5
GNU Fortran (Ubuntu 5.4.0-6ubuntu1~16.04.4) 5.4.0 20160609
Copyright (C) 2015 Free Software Foundation, Inc.

GNU Fortran comes with NO WARRANTY, to the extent permitted by law.
You may redistribute copies of GNU Fortran
under the terms of the GNU General Public License.
For more information about these matters, see the file named COPYING

configure:6672: $? = 0
configure:6661: f95 -v >&5
Using built-in specs.
COLLECT_GCC=f95
COLLECT_LTO_WRAPPER=/usr/lib/gcc/x86_64-linux-gnu/5/lto-wrapper
Target: x86_64-linux-gnu
Configured with: ../src/configure -v --with-pkgversion='Ubuntu 5.4.0-6ubuntu1~16.04.4' --with-bugurl=file:///usr/share/doc/gcc-5/README.Bugs --enable-languages=c,ada,c++,java,go,d,fortran,objc,obj-c++ --prefix=/usr --program-suffix=-5 --enable-shared --enable-linker-build-id --libexecdir=/usr/lib --without-included-gettext --enable-threads=posix --libdir=/usr/lib --enable-nls --with-sysroot=/ --enable-clocale=gnu --enable-libstdcxx-debug --enable-libstdcxx-time=yes --with-default-libstdcxx-abi=new --enable-gnu-unique-object --disable-vtable-verify --enable-libmpx --enable-plugin --with-system-zlib --disable-browser-plugin --enable-java-awt=gtk --enable-gtk-cairo --with-java-home=/usr/lib/jvm/java-1.5.0-gcj-5-amd64/jre --enable-java-home --with-jvm-root-dir=/usr/lib/jvm/java-1.5.0-gcj-5-amd64 --with-jvm-jar-dir=/usr/lib/jvm-exports/java-1.5.0-gcj-5-amd64 --with-arch-directory=amd64 --with-ecj-jar=/usr/share/java/eclipse-ecj.jar --enable-objc-gc --enable-multiarch --disable-werror --with-arch-32=i686 --with-abi=m64 --with-multilib-list=m32,m64,mx32 --enable-multilib --with-tune=generic --enable-checking=release --build=x86_64-linux-gnu --host=x86_64-linux-gnu --target=x86_64-linux-gnu
Thread model: posix
gcc version 5.4.0 20160609 (Ubuntu 5.4.0-6ubuntu1~16.04.4) 
configure:6672: $? = 0
configure:6661: f95 -V >&5
f95: error: unrecognized command line option '-V'
f95: fatal error: no input files
compilation terminated.
configure:6672: $? = 1
configure:6661: f95 -qversion >&5
f95: error: unrecognized command line option '-qversion'
f95: fatal error: no input files
compilation terminated.
configure:6672: $? = 1
configure:6681: checking whether we are using the GNU Fortran compiler
configure:6694: f95 -c -O2  conftest.F >&5
configure:6694: $? = 0
configure:6703: result: yes
configure:6709: checking whether f95 accepts -g
configure:6720: f95 -c -g  conftest.f >&5
configure:6720: $? = 0
configure:6728: result: yes
configure:6764: checking how to get verbose linking output from f95
configure:6774: f95 -c -O2  conftest.f >&5
configure:6774: $? = 0
configure:6792: f95 -o conftest -O2 -v conftest.f
Using built-in specs.
Target: x86_64-linux-gnu
Configured with: ../src/configure -v --with-pkgversion='Ubuntu 5.4.0-6ubuntu1~16.04.4' --with-bugurl=file:///usr/share/doc/gcc-5/README.Bugs --enable-languages=c,ada,c++,java,go,d,fortran,objc,obj-c++ --prefix=/usr --program-suffix=-5 --enable-shared --enable-linker-build-id --libexecdir=/usr/lib --without-included-gettext --enable-threads=posix --libdir=/usr/lib --enable-nls --with-sysroot=/ --enable-clocale=gnu --enable-libstdcxx-debug --enable-libstdcxx-time=yes --with-default-libstdcxx-abi=new --enable-gnu-unique-object --disable-vtable-verify --enable-libmpx --enable-plugin --with-system-zlib --disable-browser-plugin --enable-java-awt=gtk --enable-gtk-cairo --with-java-home=/usr/lib/jvm/java-1.5.0-gcj-5-amd64/jre --enable-java-home --with-jvm-root-dir=/usr/lib/jvm/java-1.5.0-gcj-5-amd64 --with-jvm-jar-dir=/usr/lib/jvm-exports/java-1.5.0-gcj-5-amd64 --with-arch-directory=amd64 --with-ecj-jar=/usr/share/java/eclipse-ecj.jar --enable-objc-gc --enable-multiarch --disable-werror --with-arch-32=i686 --with-abi=m64 --with-multilib-list=m32,m64,mx32 --enable-multilib --with-tune=generic --enable-checking=release --build=x86_64-linux-gnu --host=x86_64-linux-gnu --target=x86_64-linux-gnu
Thread model: posix
gcc version 5.4.0 20160609 (Ubuntu 5.4.0-6ubuntu1~16.04.4) 
 /usr/lib/gcc/x86_64-linux-gnu/5/f951 conftest.f -ffixed-form -quiet -dumpbase conftest.f -mtune=generic -march=x86-64 -auxbase conftest -O2 -version -fintrinsic-modules-path /usr/lib/gcc/x86_64-linux-gnu/5/finclude -o /tmp/ccyLYbuE.s
GNU Fortran (Ubuntu 5.4.0-6ubuntu1~16.04.4) version 5.4.0 20160609 (x86_64-linux-gnu)
	compiled by GNU C version 5.4.0 20160609, GMP version 6.1.0, MPFR version 3.1.4, MPC version 1.0.3
GGC heuristics: --param ggc-min-expand=100 --param ggc-min-heapsize=131072
GNU Fortran2008 (Ubuntu 5.4.0-6ubuntu1~16.04.4) version 5.4.0 20160609 (x86_64-linux-gnu)
	compiled by GNU C version 5.4.0 20160609, GMP version 6.1.0, MPFR version 3.1.4, MPC version 1.0.3
GGC heuristics: --param ggc-min-expand=100 --param ggc-min-heapsize=131072
 as -v --64 -o /tmp/ccvfwlO6.o /tmp/ccyLYbuE.s
GNU assembler version 2.26.1 (x86_64-linux-gnu) using BFD version (GNU Binutils for Ubuntu) 2.26.1
Reading specs from /usr/lib/gcc/x86_64-linux-gnu/5/libgfortran.spec
rename spec lib to liborig
 /usr/lib/gcc/x86_64-linux-gnu/5/collect2 -plugin /usr/lib/gcc/x86_64-linux-gnu/5/liblto_plugin.so -plugin-opt=/usr/lib/gcc/x86_64-linux-gnu/5/lto-wrapper -plugin-opt=-fresolution=/tmp/ccg39b9y.res -plugin-opt=-pass-through=-lgcc_s -plugin-opt=-pass-through=-lgcc -plugin-opt=-pass-through=-lquadmath -plugin-opt=-pass-through=-lm -plugin-opt=-pass-through=-lgcc_s -plugin-opt=-pass-through=-lgcc -plugin-opt=-pass-through=-lc -plugin-opt=-pass-through=-lgcc_s -plugin-opt=-pass-through=-lgcc --sysroot=/ --build-id --eh-frame-hdr -m elf_x86_64 --hash-style=gnu --as-needed -dynamic-linker /lib64/ld-linux-x86-64.so.2 -z relro -o conftest /usr/lib/gcc/x86_64-linux-gnu/5/../../../x86_64-linux-gnu/crt1.o /usr/lib/gcc/x86_64-linux-gnu/5/../../../x86_64-linux-gnu/crti.o /usr/lib/gcc/x86_64-linux-gnu/5/crtbegin.o -L/usr/lib/gcc/x86_64-linux-gnu/5 -L/usr/lib/gcc/x86_64-linux-gnu/5/../../../x86_64-linux-gnu -L/usr/lib/gcc/x86_64-linux-gnu/5/../../../../lib -L/lib/x86_64-linux-gnu -L/lib/../lib -L/usr/lib/x86_64-linux-gnu -L/usr/lib/../lib -L/usr/lib/gcc/x86_64-linux-gnu/5/../../.. /tmp/ccvfwlO6.o -lgfortran -lm -lgcc_s -lgcc -lquadmath -lm -lgcc_s -lgcc -lc -lgcc_s -lgcc /usr/lib/gcc/x86_64-linux-gnu/5/crtend.o /usr/lib/gcc/x86_64-linux-gnu/5/../../../x86_64-linux-gnu/crtn.o
configure:6857: result: -v
configure:6859: checking for Fortran libraries of f95
configure:6882: f95 -o conftest -O2 -v conftest.f
Using built-in specs.
Target: x86_64-linux-gnu
Configured with: ../src/configure -v --with-pkgversion='Ubuntu 5.4.0-6ubuntu1~16.04.4' --with-bugurl=file:///usr/share/doc/gcc-5/README.Bugs --enable-languages=c,ada,c++,java,go,d,fortran,objc,obj-c++ --prefix=/usr --program-suffix=-5 --enable-shared --enable-linker-build-id --libexecdir=/usr/lib --without-included-gettext --enable-threads=posix --libdir=/usr/lib --enable-nls --with-sysroot=/ --enable-clocale=gnu --enable-libstdcxx-debug --enable-libstdcxx-time=yes --with-default-libstdcxx-abi=new --enable-gnu-unique-object --disable-vtable-verify --enable-libmpx --enable-plugin --with-system-zlib --disable-browser-plugin --enable-java-awt=gtk --enable-gtk-cairo --with-java-home=/usr/lib/jvm/java-1.5.0-gcj-5-amd64/jre --enable-java-home --with-jvm-root-dir=/usr/lib/jvm/java-1.5.0-gcj-5-amd64 --with-jvm-jar-dir=/usr/lib/jvm-exports/java-1.5.0-gcj-5-amd64 --with-arch-directory=amd64 --with-ecj-jar=/usr/share/java/eclipse-ecj.jar --enable-objc-gc --enable-multiarch --disable-werror --with-arch-32=i686 --with-abi=m64 --with-multilib-list=m32,m64,mx32 --enable-multilib --with-tune=generic --enable-checking=release --build=x86_64-linux-gnu --host=x86_64-linux-gnu --target=x86_64-linux-gnu
Thread model: posix
gcc version 5.4.0 20160609 (Ubuntu 5.4.0-6ubuntu1~16.04.4) 
 /usr/lib/gcc/x86_64-linux-gnu/5/f951 conftest.f -ffixed-form -quiet -dumpbase conftest.f -mtune=generic -march=x86-64 -auxbase conftest -O2 -version -fintrinsic-modules-path /usr/lib/gcc/x86_64-linux-gnu/5/finclude -o /tmp/ccXSuCMG.s
GNU Fortran (Ubuntu 5.4.0-6ubuntu1~16.04.4) version 5.4.0 20160609 (x86_64-linux-gnu)
	compiled by GNU C version 5.4.0 20160609, GMP version 6.1.0, MPFR version 3.1.4, MPC version 1.0.3
GGC heuristics: --param ggc-min-expand=100 --param ggc-min-heapsize=131072
GNU Fortran2008 (Ubuntu 5.4.0-6ubuntu1~16.04.4) version 5.4.0 20160609 (x86_64-linux-gnu)
	compiled by GNU C version 5.4.0 20160609, GMP version 6.1.0, MPFR version 3.1.4, MPC version 1.0.3
GGC heuristics: --param ggc-min-expand=100 --param ggc-min-heapsize=131072
 as -v --64 -o /tmp/ccsiQNe9.o /tmp/ccXSuCMG.s
GNU assembler version 2.26.1 (x86_64-linux-gnu) using BFD version (GNU Binutils for Ubuntu) 2.26.1
Reading specs from /usr/lib/gcc/x86_64-linux-gnu/5/libgfortran.spec
rename spec lib to liborig
 /usr/lib/gcc/x86_64-linux-gnu/5/collect2 -plugin /usr/lib/gcc/x86_64-linux-gnu/5/liblto_plugin.so -plugin-opt=/usr/lib/gcc/x86_64-linux-gnu/5/lto-wrapper -plugin-opt=-fresolution=/tmp/ccfabRHB.res -plugin-opt=-pass-through=-lgcc_s -plugin-opt=-pass-through=-lgcc -plugin-opt=-pass-through=-lquadmath -plugin-opt=-pass-through=-lm -plugin-opt=-pass-through=-lgcc_s -plugin-opt=-pass-through=-lgcc -plugin-opt=-pass-through=-lc -plugin-opt=-pass-through=-lgcc_s -plugin-opt=-pass-through=-lgcc --sysroot=/ --build-id --eh-frame-hdr -m elf_x86_64 --hash-style=gnu --as-needed -dynamic-linker /lib64/ld-linux-x86-64.so.2 -z relro -o conftest /usr/lib/gcc/x86_64-linux-gnu/5/../../../x86_64-linux-gnu/crt1.o /usr/lib/gcc/x86_64-linux-gnu/5/../../../x86_64-linux-gnu/crti.o /usr/lib/gcc/x86_64-linux-gnu/5/crtbegin.o -L/usr/lib/gcc/x86_64-linux-gnu/5 -L/usr/lib/gcc/x86_64-linux-gnu/5/../../../x86_64-linux-gnu -L/usr/lib/gcc/x86_64-linux-gnu/5/../../../../lib -L/lib/x86_64-linux-gnu -L/lib/../lib -L/usr/lib/x86_64-linux-gnu -L/usr/lib/../lib -L/usr/lib/gcc/x86_64-linux-gnu/5/../../.. /tmp/ccsiQNe9.o -lgfortran -lm -lgcc_s -lgcc -lquadmath -lm -lgcc_s -lgcc -lc -lgcc_s -lgcc /usr/lib/gcc/x86_64-linux-gnu/5/crtend.o /usr/lib/gcc/x86_64-linux-gnu/5/../../../x86_64-linux-gnu/crtn.o
configure:7056: result:  -L/usr/lib/gcc/x86_64-linux-gnu/5 -L/usr/lib/gcc/x86_64-linux-gnu/5/../../../x86_64-linux-gnu -L/usr/lib/gcc/x86_64-linux-gnu/5/../../../../lib -L/lib/x86_64-linux-gnu -L/lib/../lib -L/usr/lib/x86_64-linux-gnu -L/usr/lib/../lib -L/usr/lib/gcc/x86_64-linux-gnu/5/../../.. -lgfortran -lm -lquadmath
configure:7070: checking for Fortran flag needed to allow free-form source
configure:7089: f95 -c -O2  conftest.f >&5
conftest.f:2:3:

   program freeform
   1
Error: Non-numeric character in statement label at (1)
conftest.f:2:3:

   program freeform
   1
Error: Unclassifiable statement at (1)
conftest.f:4:26:

        print *, 'Hello ', &
                          1
Error: Expected expression in PRINT statement at (1)
conftest.f:5:11:

           'world.'
           1
Error: Invalid character in name at (1)
configure:7089: $? = 1
configure: failed program was:
| 
|   program freeform
|        ! FIXME: how to best confuse non-freeform compilers?
|        print *, 'Hello ', &
|           'world.'
|        end
configure:7089: f95 -c -O2 -ffree-form  conftest.f >&5
configure:7089: $? = 0
configure:7098: result: -ffree-form
configure:7135: checking for etime
configure:7152: f95 -o conftest -O2 -ffree-form   conftest.f  >&5
configure:7152: $? = 0
configure:7167: result: etime
configure:7179: checking whether extra library is needed to link Fortran and C++
configure:7208: c++ -o conftest -O2    conftest.cpp   -L/usr/lib/gcc/x86_64-linux-gnu/5 -L/usr/lib/gcc/x86_64-linux-gnu/5/../../../x86_64-linux-gnu -L/usr/lib/gcc/x86_64-linux-gnu/5/../../../../lib -L/lib/x86_64-linux-gnu -L/lib/../lib -L/usr/lib/x86_64-linux-gnu -L/usr/lib/../lib -L/usr/lib/gcc/x86_64-linux-gnu/5/../../.. -lgfortran -lm -lquadmath  >&5
configure:7208: $? = 0
configure:7224: result: none
configure:7243: checking for dummy main to link with Fortran libraries
configure:7277: c++ -o conftest -g -O2   conftest.c   -L/usr/lib/gcc/x86_64-linux-gnu/5 -L/usr/lib/gcc/x86_64-linux-gnu/5/../../../x86_64-linux-gnu -L/usr/lib/gcc/x86_64-linux-gnu/5/../../../../lib -L/lib/x86_64-linux-gnu -L/lib/../lib -L/usr/lib/x86_64-linux-gnu -L/usr/lib/../lib -L/usr/lib/gcc/x86_64-linux-gnu/5/../../.. -lgfortran -lm -lquadmath  >&5
configure:7277: $? = 0
configure:7322: result: none
configure:7354: checking for Fortran name-mangling scheme
configure:7367: f95 -c -O2 -ffree-form  conftest.f >&5
configure:7367: $? = 0
configure:7408: c++ -o conftest -g -O2   conftest.c cfortran_test.o   -L/usr/lib/gcc/x86_64-linux-gnu/5 -L/usr/lib/gcc/x86_64-linux-gnu/5/../../../x86_64-linux-gnu -L/usr/lib/gcc/x86_64-linux-gnu/5/../../../../lib -L/lib/x86_64-linux-gnu -L/lib/../lib -L/usr/lib/x86_64-linux-gnu -L/usr/lib/../lib -L/usr/lib/gcc/x86_64-linux-gnu/5/../../.. -lgfortran -lm -lquadmath  >&5
/tmp/ccRC4npl.o: In function `main':
/home/hapka/Programs/drake-mithap/other/qd-2.3.17/conftest.c:59: undefined reference to `foobar'
collect2: error: ld returned 1 exit status
configure:7408: $? = 1
configure: failed program was:
| /* confdefs.h */
| #define PACKAGE_NAME "qd"
| #define PACKAGE_TARNAME "qd"
| #define PACKAGE_VERSION "2.3.12"
| #define PACKAGE_STRING "qd 2.3.12"
| #define PACKAGE_BUGREPORT "yozo@cs.berkeley.edu"
| #define PACKAGE_URL ""
| #define MAJOR_VERSION 2
| #define MINOR_VERSION 3
| #define PATCH_VERSION 12
| #define PACKAGE "qd"
| #define VERSION "2.3.12"
| #define QD_INLINE 1
| #define QD_SLOPPY_MUL 1
| #define QD_SLOPPY_DIV 1
| #define STDC_HEADERS 1
| #define HAVE_SYS_TYPES_H 1
| #define HAVE_SYS_STAT_H 1
| #define HAVE_STDLIB_H 1
| #define HAVE_STRING_H 1
| #define HAVE_MEMORY_H 1
| #define HAVE_STRINGS_H 1
| #define HAVE_INTTYPES_H 1
| #define HAVE_STDINT_H 1
| #define HAVE_UNISTD_H 1
| #define HAVE_STDBOOL_H 1
| #define TIME_WITH_SYS_TIME 1
| #define X86 1
| #define HAVE_FPU_CONTROL_H 1
| #define HAVE_GETTIMEOFDAY 1
| #define HAVE_CLOCK_GETTIME 1
| #define QD_ISNAN(x) std::isnan(x)
| #define QD_ISINF(x) std::isinf(x)
| #define QD_ISFINITE(x) std::isfinite(x)
| #define QD_COPYSIGN(x, y) ::copysign(x, y)
| #define QD_API /**/
| #define QD_HAVE_STD 1
| #define HAVE_FORTRAN 1
| /* end confdefs.h.  */
| 
| /* Override any GCC internal prototype to avoid an error.
|    Use char because int might match the return type of a GCC
|    builtin and then its argument prototype would still apply.  */
| #ifdef __cplusplus
| extern "C"
| #endif
| char foobar ();
| #ifdef FC_DUMMY_MAIN
| #ifndef FC_DUMMY_MAIN_EQ_F77
| #  ifdef __cplusplus
|      extern "C"
| #  endif
|    int FC_DUMMY_MAIN() { return 1; }
| #endif
| #endif
| int
| main ()
| {
| return foobar ();
|   ;
|   return 0;
| }
configure:7408: c++ -o conftest -g -O2   conftest.c cfortran_test.o   -L/usr/lib/gcc/x86_64-linux-gnu/5 -L/usr/lib/gcc/x86_64-linux-gnu/5/../../../x86_64-linux-gnu -L/usr/lib/gcc/x86_64-linux-gnu/5/../../../../lib -L/lib/x86_64-linux-gnu -L/lib/../lib -L/usr/lib/x86_64-linux-gnu -L/usr/lib/../lib -L/usr/lib/gcc/x86_64-linux-gnu/5/../../.. -lgfortran -lm -lquadmath  >&5
configure:7408: $? = 0
configure:7466: c++ -o conftest -g -O2   conftest.c cfortran_test.o   -L/usr/lib/gcc/x86_64-linux-gnu/5 -L/usr/lib/gcc/x86_64-linux-gnu/5/../../../x86_64-linux-gnu -L/usr/lib/gcc/x86_64-linux-gnu/5/../../../../lib -L/lib/x86_64-linux-gnu -L/lib/../lib -L/usr/lib/x86_64-linux-gnu -L/usr/lib/../lib -L/usr/lib/gcc/x86_64-linux-gnu/5/../../.. -lgfortran -lm -lquadmath  >&5
configure:7466: $? = 0
configure:7508: result: lower case, underscore, no extra underscore
configure:7576: checking for alternate main to link with Fortran libraries
configure:7616: c++ -o conftest -g -O2   conftest.c   -L/usr/lib/gcc/x86_64-linux-gnu/5 -L/usr/lib/gcc/x86_64-linux-gnu/5/../../../x86_64-linux-gnu -L/usr/lib/gcc/x86_64-linux-gnu/5/../../../../lib -L/lib/x86_64-linux-gnu -L/lib/../lib -L/usr/lib/x86_64-linux-gnu -L/usr/lib/../lib -L/usr/lib/gcc/x86_64-linux-gnu/5/../../.. -lgfortran -lm -lquadmath  >&5
/usr/lib/gcc/x86_64-linux-gnu/5/../../../x86_64-linux-gnu/crt1.o: In function `_start':
(.text+0x20): undefined reference to `main'
collect2: error: ld returned 1 exit status
configure:7616: $? = 1
configure: failed program was:
| /* confdefs.h */
| #define PACKAGE_NAME "qd"
| #define PACKAGE_TARNAME "qd"
| #define PACKAGE_VERSION "2.3.12"
| #define PACKAGE_STRING "qd 2.3.12"
| #define PACKAGE_BUGREPORT "yozo@cs.berkeley.edu"
| #define PACKAGE_URL ""
| #define MAJOR_VERSION 2
| #define MINOR_VERSION 3
| #define PATCH_VERSION 12
| #define PACKAGE "qd"
| #define VERSION "2.3.12"
| #define QD_INLINE 1
| #define QD_SLOPPY_MUL 1
| #define QD_SLOPPY_DIV 1
| #define STDC_HEADERS 1
| #define HAVE_SYS_TYPES_H 1
| #define HAVE_SYS_STAT_H 1
| #define HAVE_STDLIB_H 1
| #define HAVE_STRING_H 1
| #define HAVE_MEMORY_H 1
| #define HAVE_STRINGS_H 1
| #define HAVE_INTTYPES_H 1
| #define HAVE_STDINT_H 1
| #define HAVE_UNISTD_H 1
| #define HAVE_STDBOOL_H 1
| #define TIME_WITH_SYS_TIME 1
| #define X86 1
| #define HAVE_FPU_CONTROL_H 1
| #define HAVE_GETTIMEOFDAY 1
| #define HAVE_CLOCK_GETTIME 1
| #define QD_ISNAN(x) std::isnan(x)
| #define QD_ISINF(x) std::isinf(x)
| #define QD_ISFINITE(x) std::isfinite(x)
| #define QD_COPYSIGN(x, y) ::copysign(x, y)
| #define QD_API /**/
| #define QD_HAVE_STD 1
| #define HAVE_FORTRAN 1
| #define FC_FUNC(name,NAME) name ## _
| #define FC_FUNC_(name,NAME) name ## _
| /* end confdefs.h.  */
| #ifdef FC_DUMMY_MAIN_EQ_F77
| #  undef F77_DUMMY_MAIN
| #  undef FC_DUMMY_MAIN
| #else
| #  undef FC_DUMMY_MAIN
| #endif
| #define main MAIN__
| #ifdef FC_DUMMY_MAIN
| #ifndef FC_DUMMY_MAIN_EQ_F77
| #  ifdef __cplusplus
|      extern "C"
| #  endif
|    int FC_DUMMY_MAIN() { return 1; }
| #endif
| #endif
| int
| main ()
| {
| 
|   ;
|   return 0;
| }
configure:7616: c++ -o conftest -g -O2   conftest.c   -L/usr/lib/gcc/x86_64-linux-gnu/5 -L/usr/lib/gcc/x86_64-linux-gnu/5/../../../x86_64-linux-gnu -L/usr/lib/gcc/x86_64-linux-gnu/5/../../../../lib -L/lib/x86_64-linux-gnu -L/lib/../lib -L/usr/lib/x86_64-linux-gnu -L/usr/lib/../lib -L/usr/lib/gcc/x86_64-linux-gnu/5/../../.. -lgfortran -lm -lquadmath  >&5
/usr/lib/gcc/x86_64-linux-gnu/5/../../../x86_64-linux-gnu/crt1.o: In function `_start':
(.text+0x20): undefined reference to `main'
collect2: error: ld returned 1 exit status
configure:7616: $? = 1
configure: failed program was:
| /* confdefs.h */
| #define PACKAGE_NAME "qd"
| #define PACKAGE_TARNAME "qd"
| #define PACKAGE_VERSION "2.3.12"
| #define PACKAGE_STRING "qd 2.3.12"
| #define PACKAGE_BUGREPORT "yozo@cs.berkeley.edu"
| #define PACKAGE_URL ""
| #define MAJOR_VERSION 2
| #define MINOR_VERSION 3
| #define PATCH_VERSION 12
| #define PACKAGE "qd"
| #define VERSION "2.3.12"
| #define QD_INLINE 1
| #define QD_SLOPPY_MUL 1
| #define QD_SLOPPY_DIV 1
| #define STDC_HEADERS 1
| #define HAVE_SYS_TYPES_H 1
| #define HAVE_SYS_STAT_H 1
| #define HAVE_STDLIB_H 1
| #define HAVE_STRING_H 1
| #define HAVE_MEMORY_H 1
| #define HAVE_STRINGS_H 1
| #define HAVE_INTTYPES_H 1
| #define HAVE_STDINT_H 1
| #define HAVE_UNISTD_H 1
| #define HAVE_STDBOOL_H 1
| #define TIME_WITH_SYS_TIME 1
| #define X86 1
| #define HAVE_FPU_CONTROL_H 1
| #define HAVE_GETTIMEOFDAY 1
| #define HAVE_CLOCK_GETTIME 1
| #define QD_ISNAN(x) std::isnan(x)
| #define QD_ISINF(x) std::isinf(x)
| #define QD_ISFINITE(x) std::isfinite(x)
| #define QD_COPYSIGN(x, y) ::copysign(x, y)
| #define QD_API /**/
| #define QD_HAVE_STD 1
| #define HAVE_FORTRAN 1
| #define FC_FUNC(name,NAME) name ## _
| #define FC_FUNC_(name,NAME) name ## _
| /* end confdefs.h.  */
| #ifdef FC_DUMMY_MAIN_EQ_F77
| #  undef F77_DUMMY_MAIN
| #  undef FC_DUMMY_MAIN
| #else
| #  undef FC_DUMMY_MAIN
| #endif
| #define main MAIN_
| #ifdef FC_DUMMY_MAIN
| #ifndef FC_DUMMY_MAIN_EQ_F77
| #  ifdef __cplusplus
|      extern "C"
| #  endif
|    int FC_DUMMY_MAIN() { return 1; }
| #endif
| #endif
| int
| main ()
| {
| 
|   ;
|   return 0;
| }
configure:7616: c++ -o conftest -g -O2   conftest.c   -L/usr/lib/gcc/x86_64-linux-gnu/5 -L/usr/lib/gcc/x86_64-linux-gnu/5/../../../x86_64-linux-gnu -L/usr/lib/gcc/x86_64-linux-gnu/5/../../../../lib -L/lib/x86_64-linux-gnu -L/lib/../lib -L/usr/lib/x86_64-linux-gnu -L/usr/lib/../lib -L/usr/lib/gcc/x86_64-linux-gnu/5/../../.. -lgfortran -lm -lquadmath  >&5
/usr/lib/gcc/x86_64-linux-gnu/5/../../../x86_64-linux-gnu/crt1.o: In function `_start':
(.text+0x20): undefined reference to `main'
collect2: error: ld returned 1 exit status
configure:7616: $? = 1
configure: failed program was:
| /* confdefs.h */
| #define PACKAGE_NAME "qd"
| #define PACKAGE_TARNAME "qd"
| #define PACKAGE_VERSION "2.3.12"
| #define PACKAGE_STRING "qd 2.3.12"
| #define PACKAGE_BUGREPORT "yozo@cs.berkeley.edu"
| #define PACKAGE_URL ""
| #define MAJOR_VERSION 2
| #define MINOR_VERSION 3
| #define PATCH_VERSION 12
| #define PACKAGE "qd"
| #define VERSION "2.3.12"
| #define QD_INLINE 1
| #define QD_SLOPPY_MUL 1
| #define QD_SLOPPY_DIV 1
| #define STDC_HEADERS 1
| #define HAVE_SYS_TYPES_H 1
| #define HAVE_SYS_STAT_H 1
| #define HAVE_STDLIB_H 1
| #define HAVE_STRING_H 1
| #define HAVE_MEMORY_H 1
| #define HAVE_STRINGS_H 1
| #define HAVE_INTTYPES_H 1
| #define HAVE_STDINT_H 1
| #define HAVE_UNISTD_H 1
| #define HAVE_STDBOOL_H 1
| #define TIME_WITH_SYS_TIME 1
| #define X86 1
| #define HAVE_FPU_CONTROL_H 1
| #define HAVE_GETTIMEOFDAY 1
| #define HAVE_CLOCK_GETTIME 1
| #define QD_ISNAN(x) std::isnan(x)
| #define QD_ISINF(x) std::isinf(x)
| #define QD_ISFINITE(x) std::isfinite(x)
| #define QD_COPYSIGN(x, y) ::copysign(x, y)
| #define QD_API /**/
| #define QD_HAVE_STD 1
| #define HAVE_FORTRAN 1
| #define FC_FUNC(name,NAME) name ## _
| #define FC_FUNC_(name,NAME) name ## _
| /* end confdefs.h.  */
| #ifdef FC_DUMMY_MAIN_EQ_F77
| #  undef F77_DUMMY_MAIN
| #  undef FC_DUMMY_MAIN
| #else
| #  undef FC_DUMMY_MAIN
| #endif
| #define main __main
| #ifdef FC_DUMMY_MAIN
| #ifndef FC_DUMMY_MAIN_EQ_F77
| #  ifdef __cplusplus
|      extern "C"
| #  endif
|    int FC_DUMMY_MAIN() { return 1; }
| #endif
| #endif
| int
| main ()
| {
| 
|   ;
|   return 0;
| }
configure:7616: c++ -o conftest -g -O2   conftest.c   -L/usr/lib/gcc/x86_64-linux-gnu/5 -L/usr/lib/gcc/x86_64-linux-gnu/5/../../../x86_64-linux-gnu -L/usr/lib/gcc/x86_64-linux-gnu/5/../../../../lib -L/lib/x86_64-linux-gnu -L/lib/../lib -L/usr/lib/x86_64-linux-gnu -L/usr/lib/../lib -L/usr/lib/gcc/x86_64-linux-gnu/5/../../.. -lgfortran -lm -lquadmath  >&5
/usr/lib/gcc/x86_64-linux-gnu/5/../../../x86_64-linux-gnu/crt1.o: In function `_start':
(.text+0x20): undefined reference to `main'
collect2: error: ld returned 1 exit status
configure:7616: $? = 1
configure: failed program was:
| /* confdefs.h */
| #define PACKAGE_NAME "qd"
| #define PACKAGE_TARNAME "qd"
| #define PACKAGE_VERSION "2.3.12"
| #define PACKAGE_STRING "qd 2.3.12"
| #define PACKAGE_BUGREPORT "yozo@cs.berkeley.edu"
| #define PACKAGE_URL ""
| #define MAJOR_VERSION 2
| #define MINOR_VERSION 3
| #define PATCH_VERSION 12
| #define PACKAGE "qd"
| #define VERSION "2.3.12"
| #define QD_INLINE 1
| #define QD_SLOPPY_MUL 1
| #define QD_SLOPPY_DIV 1
| #define STDC_HEADERS 1
| #define HAVE_SYS_TYPES_H 1
| #define HAVE_SYS_STAT_H 1
| #define HAVE_STDLIB_H 1
| #define HAVE_STRING_H 1
| #define HAVE_MEMORY_H 1
| #define HAVE_STRINGS_H 1
| #define HAVE_INTTYPES_H 1
| #define HAVE_STDINT_H 1
| #define HAVE_UNISTD_H 1
| #define HAVE_STDBOOL_H 1
| #define TIME_WITH_SYS_TIME 1
| #define X86 1
| #define HAVE_FPU_CONTROL_H 1
| #define HAVE_GETTIMEOFDAY 1
| #define HAVE_CLOCK_GETTIME 1
| #define QD_ISNAN(x) std::isnan(x)
| #define QD_ISINF(x) std::isinf(x)
| #define QD_ISFINITE(x) std::isfinite(x)
| #define QD_COPYSIGN(x, y) ::copysign(x, y)
| #define QD_API /**/
| #define QD_HAVE_STD 1
| #define HAVE_FORTRAN 1
| #define FC_FUNC(name,NAME) name ## _
| #define FC_FUNC_(name,NAME) name ## _
| /* end confdefs.h.  */
| #ifdef FC_DUMMY_MAIN_EQ_F77
| #  undef F77_DUMMY_MAIN
| #  undef FC_DUMMY_MAIN
| #else
| #  undef FC_DUMMY_MAIN
| #endif
| #define main MAIN
| #ifdef FC_DUMMY_MAIN
| #ifndef FC_DUMMY_MAIN_EQ_F77
| #  ifdef __cplusplus
|      extern "C"
| #  endif
|    int FC_DUMMY_MAIN() { return 1; }
| #endif
| #endif
| int
| main ()
| {
| 
|   ;
|   return 0;
| }
configure:7616: c++ -o conftest -g -O2   conftest.c   -L/usr/lib/gcc/x86_64-linux-gnu/5 -L/usr/lib/gcc/x86_64-linux-gnu/5/../../../x86_64-linux-gnu -L/usr/lib/gcc/x86_64-linux-gnu/5/../../../../lib -L/lib/x86_64-linux-gnu -L/lib/../lib -L/usr/lib/x86_64-linux-gnu -L/usr/lib/../lib -L/usr/lib/gcc/x86_64-linux-gnu/5/../../.. -lgfortran -lm -lquadmath  >&5
/usr/lib/gcc/x86_64-linux-gnu/5/../../../x86_64-linux-gnu/crt1.o: In function `_start':
(.text+0x20): undefined reference to `main'
collect2: error: ld returned 1 exit status
configure:7616: $? = 1
configure: failed program was:
| /* confdefs.h */
| #define PACKAGE_NAME "qd"
| #define PACKAGE_TARNAME "qd"
| #define PACKAGE_VERSION "2.3.12"
| #define PACKAGE_STRING "qd 2.3.12"
| #define PACKAGE_BUGREPORT "yozo@cs.berkeley.edu"
| #define PACKAGE_URL ""
| #define MAJOR_VERSION 2
| #define MINOR_VERSION 3
| #define PATCH_VERSION 12
| #define PACKAGE "qd"
| #define VERSION "2.3.12"
| #define QD_INLINE 1
| #define QD_SLOPPY_MUL 1
| #define QD_SLOPPY_DIV 1
| #define STDC_HEADERS 1
| #define HAVE_SYS_TYPES_H 1
| #define HAVE_SYS_STAT_H 1
| #define HAVE_STDLIB_H 1
| #define HAVE_STRING_H 1
| #define HAVE_MEMORY_H 1
| #define HAVE_STRINGS_H 1
| #define HAVE_INTTYPES_H 1
| #define HAVE_STDINT_H 1
| #define HAVE_UNISTD_H 1
| #define HAVE_STDBOOL_H 1
| #define TIME_WITH_SYS_TIME 1
| #define X86 1
| #define HAVE_FPU_CONTROL_H 1
| #define HAVE_GETTIMEOFDAY 1
| #define HAVE_CLOCK_GETTIME 1
| #define QD_ISNAN(x) std::isnan(x)
| #define QD_ISINF(x) std::isinf(x)
| #define QD_ISFINITE(x) std::isfinite(x)
| #define QD_COPYSIGN(x, y) ::copysign(x, y)
| #define QD_API /**/
| #define QD_HAVE_STD 1
| #define HAVE_FORTRAN 1
| #define FC_FUNC(name,NAME) name ## _
| #define FC_FUNC_(name,NAME) name ## _
| /* end confdefs.h.  */
| #ifdef FC_DUMMY_MAIN_EQ_F77
| #  undef F77_DUMMY_MAIN
| #  undef FC_DUMMY_MAIN
| #else
| #  undef FC_DUMMY_MAIN
| #endif
| #define main _MAIN
| #ifdef FC_DUMMY_MAIN
| #ifndef FC_DUMMY_MAIN_EQ_F77
| #  ifdef __cplusplus
|      extern "C"
| #  endif
|    int FC_DUMMY_MAIN() { return 1; }
| #endif
| #endif
| int
| main ()
| {
| 
|   ;
|   return 0;
| }
configure:7616: c++ -o conftest -g -O2   conftest.c   -L/usr/lib/gcc/x86_64-linux-gnu/5 -L/usr/lib/gcc/x86_64-linux-gnu/5/../../../x86_64-linux-gnu -L/usr/lib/gcc/x86_64-linux-gnu/5/../../../../lib -L/lib/x86_64-linux-gnu -L/lib/../lib -L/usr/lib/x86_64-linux-gnu -L/usr/lib/../lib -L/usr/lib/gcc/x86_64-linux-gnu/5/../../.. -lgfortran -lm -lquadmath  >&5
/usr/lib/gcc/x86_64-linux-gnu/5/../../../x86_64-linux-gnu/crt1.o: In function `_start':
(.text+0x20): undefined reference to `main'
collect2: error: ld returned 1 exit status
configure:7616: $? = 1
configure: failed program was:
| /* confdefs.h */
| #define PACKAGE_NAME "qd"
| #define PACKAGE_TARNAME "qd"
| #define PACKAGE_VERSION "2.3.12"
| #define PACKAGE_STRING "qd 2.3.12"
| #define PACKAGE_BUGREPORT "yozo@cs.berkeley.edu"
| #define PACKAGE_URL ""
| #define MAJOR_VERSION 2
| #define MINOR_VERSION 3
| #define PATCH_VERSION 12
| #define PACKAGE "qd"
| #define VERSION "2.3.12"
| #define QD_INLINE 1
| #define QD_SLOPPY_MUL 1
| #define QD_SLOPPY_DIV 1
| #define STDC_HEADERS 1
| #define HAVE_SYS_TYPES_H 1
| #define HAVE_SYS_STAT_H 1
| #define HAVE_STDLIB_H 1
| #define HAVE_STRING_H 1
| #define HAVE_MEMORY_H 1
| #define HAVE_STRINGS_H 1
| #define HAVE_INTTYPES_H 1
| #define HAVE_STDINT_H 1
| #define HAVE_UNISTD_H 1
| #define HAVE_STDBOOL_H 1
| #define TIME_WITH_SYS_TIME 1
| #define X86 1
| #define HAVE_FPU_CONTROL_H 1
| #define HAVE_GETTIMEOFDAY 1
| #define HAVE_CLOCK_GETTIME 1
| #define QD_ISNAN(x) std::isnan(x)
| #define QD_ISINF(x) std::isinf(x)
| #define QD_ISFINITE(x) std::isfinite(x)
| #define QD_COPYSIGN(x, y) ::copysign(x, y)
| #define QD_API /**/
| #define QD_HAVE_STD 1
| #define HAVE_FORTRAN 1
| #define FC_FUNC(name,NAME) name ## _
| #define FC_FUNC_(name,NAME) name ## _
| /* end confdefs.h.  */
| #ifdef FC_DUMMY_MAIN_EQ_F77
| #  undef F77_DUMMY_MAIN
| #  undef FC_DUMMY_MAIN
| #else
| #  undef FC_DUMMY_MAIN
| #endif
| #define main __MAIN
| #ifdef FC_DUMMY_MAIN
| #ifndef FC_DUMMY_MAIN_EQ_F77
| #  ifdef __cplusplus
|      extern "C"
| #  endif
|    int FC_DUMMY_MAIN() { return 1; }
| #endif
| #endif
| int
| main ()
| {
| 
|   ;
|   return 0;
| }
configure:7616: c++ -o conftest -g -O2   conftest.c   -L/usr/lib/gcc/x86_64-linux-gnu/5 -L/usr/lib/gcc/x86_64-linux-gnu/5/../../../x86_64-linux-gnu -L/usr/lib/gcc/x86_64-linux-gnu/5/../../../../lib -L/lib/x86_64-linux-gnu -L/lib/../lib -L/usr/lib/x86_64-linux-gnu -L/usr/lib/../lib -L/usr/lib/gcc/x86_64-linux-gnu/5/../../.. -lgfortran -lm -lquadmath  >&5
/usr/lib/gcc/x86_64-linux-gnu/5/../../../x86_64-linux-gnu/crt1.o: In function `_start':
(.text+0x20): undefined reference to `main'
collect2: error: ld returned 1 exit status
configure:7616: $? = 1
configure: failed program was:
| /* confdefs.h */
| #define PACKAGE_NAME "qd"
| #define PACKAGE_TARNAME "qd"
| #define PACKAGE_VERSION "2.3.12"
| #define PACKAGE_STRING "qd 2.3.12"
| #define PACKAGE_BUGREPORT "yozo@cs.berkeley.edu"
| #define PACKAGE_URL ""
| #define MAJOR_VERSION 2
| #define MINOR_VERSION 3
| #define PATCH_VERSION 12
| #define PACKAGE "qd"
| #define VERSION "2.3.12"
| #define QD_INLINE 1
| #define QD_SLOPPY_MUL 1
| #define QD_SLOPPY_DIV 1
| #define STDC_HEADERS 1
| #define HAVE_SYS_TYPES_H 1
| #define HAVE_SYS_STAT_H 1
| #define HAVE_STDLIB_H 1
| #define HAVE_STRING_H 1
| #define HAVE_MEMORY_H 1
| #define HAVE_STRINGS_H 1
| #define HAVE_INTTYPES_H 1
| #define HAVE_STDINT_H 1
| #define HAVE_UNISTD_H 1
| #define HAVE_STDBOOL_H 1
| #define TIME_WITH_SYS_TIME 1
| #define X86 1
| #define HAVE_FPU_CONTROL_H 1
| #define HAVE_GETTIMEOFDAY 1
| #define HAVE_CLOCK_GETTIME 1
| #define QD_ISNAN(x) std::isnan(x)
| #define QD_ISINF(x) std::isinf(x)
| #define QD_ISFINITE(x) std::isfinite(x)
| #define QD_COPYSIGN(x, y) ::copysign(x, y)
| #define QD_API /**/
| #define QD_HAVE_STD 1
| #define HAVE_FORTRAN 1
| #define FC_FUNC(name,NAME) name ## _
| #define FC_FUNC_(name,NAME) name ## _
| /* end confdefs.h.  */
| #ifdef FC_DUMMY_MAIN_EQ_F77
| #  undef F77_DUMMY_MAIN
| #  undef FC_DUMMY_MAIN
| #else
| #  undef FC_DUMMY_MAIN
| #endif
| #define main main_
| #ifdef FC_DUMMY_MAIN
| #ifndef FC_DUMMY_MAIN_EQ_F77
| #  ifdef __cplusplus
|      extern "C"
| #  endif
|    int FC_DUMMY_MAIN() { return 1; }
| #endif
| #endif
| int
| main ()
| {
| 
|   ;
|   return 0;
| }
configure:7616: c++ -o conftest -g -O2   conftest.c   -L/usr/lib/gcc/x86_64-linux-gnu/5 -L/usr/lib/gcc/x86_64-linux-gnu/5/../../../x86_64-linux-gnu -L/usr/lib/gcc/x86_64-linux-gnu/5/../../../../lib -L/lib/x86_64-linux-gnu -L/lib/../lib -L/usr/lib/x86_64-linux-gnu -L/usr/lib/../lib -L/usr/lib/gcc/x86_64-linux-gnu/5/../../.. -lgfortran -lm -lquadmath  >&5
/usr/lib/gcc/x86_64-linux-gnu/5/../../../x86_64-linux-gnu/crt1.o: In function `_start':
(.text+0x20): undefined reference to `main'
collect2: error: ld returned 1 exit status
configure:7616: $? = 1
configure: failed program was:
| /* confdefs.h */
| #define PACKAGE_NAME "qd"
| #define PACKAGE_TARNAME "qd"
| #define PACKAGE_VERSION "2.3.12"
| #define PACKAGE_STRING "qd 2.3.12"
| #define PACKAGE_BUGREPORT "yozo@cs.berkeley.edu"
| #define PACKAGE_URL ""
| #define MAJOR_VERSION 2
| #define MINOR_VERSION 3
| #define PATCH_VERSION 12
| #define PACKAGE "qd"
| #define VERSION "2.3.12"
| #define QD_INLINE 1
| #define QD_SLOPPY_MUL 1
| #define QD_SLOPPY_DIV 1
| #define STDC_HEADERS 1
| #define HAVE_SYS_TYPES_H 1
| #define HAVE_SYS_STAT_H 1
| #define HAVE_STDLIB_H 1
| #define HAVE_STRING_H 1
| #define HAVE_MEMORY_H 1
| #define HAVE_STRINGS_H 1
| #define HAVE_INTTYPES_H 1
| #define HAVE_STDINT_H 1
| #define HAVE_UNISTD_H 1
| #define HAVE_STDBOOL_H 1
| #define TIME_WITH_SYS_TIME 1
| #define X86 1
| #define HAVE_FPU_CONTROL_H 1
| #define HAVE_GETTIMEOFDAY 1
| #define HAVE_CLOCK_GETTIME 1
| #define QD_ISNAN(x) std::isnan(x)
| #define QD_ISINF(x) std::isinf(x)
| #define QD_ISFINITE(x) std::isfinite(x)
| #define QD_COPYSIGN(x, y) ::copysign(x, y)
| #define QD_API /**/
| #define QD_HAVE_STD 1
| #define HAVE_FORTRAN 1
| #define FC_FUNC(name,NAME) name ## _
| #define FC_FUNC_(name,NAME) name ## _
| /* end confdefs.h.  */
| #ifdef FC_DUMMY_MAIN_EQ_F77
| #  undef F77_DUMMY_MAIN
| #  undef FC_DUMMY_MAIN
| #else
| #  undef FC_DUMMY_MAIN
| #endif
| #define main main__
| #ifdef FC_DUMMY_MAIN
| #ifndef FC_DUMMY_MAIN_EQ_F77
| #  ifdef __cplusplus
|      extern "C"
| #  endif
|    int FC_DUMMY_MAIN() { return 1; }
| #endif
| #endif
| int
| main ()
| {
| 
|   ;
|   return 0;
| }
configure:7616: c++ -o conftest -g -O2   conftest.c   -L/usr/lib/gcc/x86_64-linux-gnu/5 -L/usr/lib/gcc/x86_64-linux-gnu/5/../../../x86_64-linux-gnu -L/usr/lib/gcc/x86_64-linux-gnu/5/../../../../lib -L/lib/x86_64-linux-gnu -L/lib/../lib -L/usr/lib/x86_64-linux-gnu -L/usr/lib/../lib -L/usr/lib/gcc/x86_64-linux-gnu/5/../../.. -lgfortran -lm -lquadmath  >&5
/usr/lib/gcc/x86_64-linux-gnu/5/../../../x86_64-linux-gnu/crt1.o: In function `_start':
(.text+0x20): undefined reference to `main'
collect2: error: ld returned 1 exit status
configure:7616: $? = 1
configure: failed program was:
| /* confdefs.h */
| #define PACKAGE_NAME "qd"
| #define PACKAGE_TARNAME "qd"
| #define PACKAGE_VERSION "2.3.12"
| #define PACKAGE_STRING "qd 2.3.12"
| #define PACKAGE_BUGREPORT "yozo@cs.berkeley.edu"
| #define PACKAGE_URL ""
| #define MAJOR_VERSION 2
| #define MINOR_VERSION 3
| #define PATCH_VERSION 12
| #define PACKAGE "qd"
| #define VERSION "2.3.12"
| #define QD_INLINE 1
| #define QD_SLOPPY_MUL 1
| #define QD_SLOPPY_DIV 1
| #define STDC_HEADERS 1
| #define HAVE_SYS_TYPES_H 1
| #define HAVE_SYS_STAT_H 1
| #define HAVE_STDLIB_H 1
| #define HAVE_STRING_H 1
| #define HAVE_MEMORY_H 1
| #define HAVE_STRINGS_H 1
| #define HAVE_INTTYPES_H 1
| #define HAVE_STDINT_H 1
| #define HAVE_UNISTD_H 1
| #define HAVE_STDBOOL_H 1
| #define TIME_WITH_SYS_TIME 1
| #define X86 1
| #define HAVE_FPU_CONTROL_H 1
| #define HAVE_GETTIMEOFDAY 1
| #define HAVE_CLOCK_GETTIME 1
| #define QD_ISNAN(x) std::isnan(x)
| #define QD_ISINF(x) std::isinf(x)
| #define QD_ISFINITE(x) std::isfinite(x)
| #define QD_COPYSIGN(x, y) ::copysign(x, y)
| #define QD_API /**/
| #define QD_HAVE_STD 1
| #define HAVE_FORTRAN 1
| #define FC_FUNC(name,NAME) name ## _
| #define FC_FUNC_(name,NAME) name ## _
| /* end confdefs.h.  */
| #ifdef FC_DUMMY_MAIN_EQ_F77
| #  undef F77_DUMMY_MAIN
| #  undef FC_DUMMY_MAIN
| #else
| #  undef FC_DUMMY_MAIN
| #endif
| #define main _main
| #ifdef FC_DUMMY_MAIN
| #ifndef FC_DUMMY_MAIN_EQ_F77
| #  ifdef __cplusplus
|      extern "C"
| #  endif
|    int FC_DUMMY_MAIN() { return 1; }
| #endif
| #endif
| int
| main ()
| {
| 
|   ;
|   return 0;
| }
configure:7631: result: main
configure:7645: checking fortran 90 modules inclusion flag
configure:7670: f95 -c -O2 -ffree-form  conftest.f >&5
configure:7670: $? = 0
configure:7687: f95 -c -O2 -ffree-form -I tmpdir_0  conftest.f >&5
configure:7687: $? = 0
configure:7705: result: 
configure:7709: checking fortran 90 modules naming style
configure:7734: f95 -c -O2 -ffree-form  conftest.f >&5
configure:7734: $? = 0
configure:7760: result: 
configure:7811: checking for sqrt in -lm
configure:7844: c++ -o conftest -O2    conftest.cpp -lm   >&5
configure:7844: $? = 0
configure:7853: result: yes
configure:7922: checking for a sed that does not truncate output
configure:7986: result: /bin/sed
configure:8004: checking for fgrep
configure:8066: result: /bin/grep -F
configure:8101: checking for ld used by c++
configure:8168: result: /usr/bin/ld
configure:8175: checking if the linker (/usr/bin/ld) is GNU ld
configure:8190: result: yes
configure:8202: checking for BSD- or MS-compatible name lister (nm)
configure:8251: result: /usr/bin/nm -B
configure:8369: checking the name lister (/usr/bin/nm -B) interface
configure:8376: c++ -c -O2   conftest.cpp >&5
configure:8379: /usr/bin/nm -B "conftest.o"
configure:8382: output
0000000000000000 B some_variable
configure:8389: result: BSD nm
configure:8392: checking whether ln -s works
configure:8396: result: yes
configure:8404: checking the maximum length of command line arguments
configure:8524: result: 1572864
configure:8541: checking whether the shell understands some XSI constructs
configure:8551: result: yes
configure:8555: checking whether the shell understands "+="
configure:8561: result: yes
configure:8596: checking for /usr/bin/ld option to reload object files
configure:8603: result: -r
configure:8672: checking for objdump
configure:8688: found /usr/bin/objdump
configure:8699: result: objdump
configure:8731: checking how to recognize dependent libraries
configure:8927: result: pass_all
configure:8987: checking for ar
configure:9003: found /usr/bin/ar
configure:9014: result: ar
configure:9092: checking for strip
configure:9108: found /usr/bin/strip
configure:9119: result: strip
configure:9191: checking for ranlib
configure:9207: found /usr/bin/ranlib
configure:9218: result: ranlib
configure:9308: checking command to parse /usr/bin/nm -B output from c++ object
configure:9426: c++ -c -O2   conftest.cpp >&5
configure:9429: $? = 0
configure:9433: /usr/bin/nm -B conftest.o \| sed -n -e 's/^.*[	 ]\([ABCDGIRSTW][ABCDGIRSTW]*\)[	 ][	 ]*\([_A-Za-z][_A-Za-z0-9]*\)$/\1 \2 \2/p' \> conftest.nm
configure:9436: $? = 0
configure:9490: c++ -o conftest -O2    conftest.cpp conftstm.o >&5
configure:9493: $? = 0
configure:9531: result: ok
configure:9626: c++ -c -O2   conftest.cpp >&5
configure:9629: $? = 0
configure:10352: checking for dlfcn.h
configure:10352: c++ -c -O2   conftest.cpp >&5
configure:10352: $? = 0
configure:10352: result: yes
configure:10477: checking for C++ compiler version
configure:10486: c++ --version >&5
c++ (Ubuntu 5.4.0-6ubuntu1~16.04.4) 5.4.0 20160609
Copyright (C) 2015 Free Software Foundation, Inc.
This is free software; see the source for copying conditions.  There is NO
warranty; not even for MERCHANTABILITY or FITNESS FOR A PARTICULAR PURPOSE.

configure:10497: $? = 0
configure:10486: c++ -v >&5
Using built-in specs.
COLLECT_GCC=c++
COLLECT_LTO_WRAPPER=/usr/lib/gcc/x86_64-linux-gnu/5/lto-wrapper
Target: x86_64-linux-gnu
Configured with: ../src/configure -v --with-pkgversion='Ubuntu 5.4.0-6ubuntu1~16.04.4' --with-bugurl=file:///usr/share/doc/gcc-5/README.Bugs --enable-languages=c,ada,c++,java,go,d,fortran,objc,obj-c++ --prefix=/usr --program-suffix=-5 --enable-shared --enable-linker-build-id --libexecdir=/usr/lib --without-included-gettext --enable-threads=posix --libdir=/usr/lib --enable-nls --with-sysroot=/ --enable-clocale=gnu --enable-libstdcxx-debug --enable-libstdcxx-time=yes --with-default-libstdcxx-abi=new --enable-gnu-unique-object --disable-vtable-verify --enable-libmpx --enable-plugin --with-system-zlib --disable-browser-plugin --enable-java-awt=gtk --enable-gtk-cairo --with-java-home=/usr/lib/jvm/java-1.5.0-gcj-5-amd64/jre --enable-java-home --with-jvm-root-dir=/usr/lib/jvm/java-1.5.0-gcj-5-amd64 --with-jvm-jar-dir=/usr/lib/jvm-exports/java-1.5.0-gcj-5-amd64 --with-arch-directory=amd64 --with-ecj-jar=/usr/share/java/eclipse-ecj.jar --enable-objc-gc --enable-multiarch --disable-werror --with-arch-32=i686 --with-abi=m64 --with-multilib-list=m32,m64,mx32 --enable-multilib --with-tune=generic --enable-checking=release --build=x86_64-linux-gnu --host=x86_64-linux-gnu --target=x86_64-linux-gnu
Thread model: posix
gcc version 5.4.0 20160609 (Ubuntu 5.4.0-6ubuntu1~16.04.4) 
configure:10497: $? = 0
configure:10486: c++ -V >&5
c++: error: unrecognized command line option '-V'
c++: fatal error: no input files
compilation terminated.
configure:10497: $? = 1
configure:10486: c++ -qversion >&5
c++: error: unrecognized command line option '-qversion'
c++: fatal error: no input files
compilation terminated.
configure:10497: $? = 1
configure:10501: checking whether we are using the GNU C++ compiler
configure:10537: result: yes
configure:10546: checking whether c++ accepts -g
configure:10631: result: yes
configure:10656: checking dependency style of c++
configure:10766: result: gcc3
configure:10789: checking how to run the C++ preprocessor
configure:10855: result: c++ -E
configure:10875: c++ -E  conftest.cpp
configure:10875: $? = 0
configure:10889: c++ -E  conftest.cpp
conftest.cpp:45:28: fatal error: ac_nonexistent.h: No such file or directory
compilation terminated.
configure:10889: $? = 1
configure: failed program was:
| /* confdefs.h */
| #define PACKAGE_NAME "qd"
| #define PACKAGE_TARNAME "qd"
| #define PACKAGE_VERSION "2.3.12"
| #define PACKAGE_STRING "qd 2.3.12"
| #define PACKAGE_BUGREPORT "yozo@cs.berkeley.edu"
| #define PACKAGE_URL ""
| #define MAJOR_VERSION 2
| #define MINOR_VERSION 3
| #define PATCH_VERSION 12
| #define PACKAGE "qd"
| #define VERSION "2.3.12"
| #define QD_INLINE 1
| #define QD_SLOPPY_MUL 1
| #define QD_SLOPPY_DIV 1
| #define STDC_HEADERS 1
| #define HAVE_SYS_TYPES_H 1
| #define HAVE_SYS_STAT_H 1
| #define HAVE_STDLIB_H 1
| #define HAVE_STRING_H 1
| #define HAVE_MEMORY_H 1
| #define HAVE_STRINGS_H 1
| #define HAVE_INTTYPES_H 1
| #define HAVE_STDINT_H 1
| #define HAVE_UNISTD_H 1
| #define HAVE_STDBOOL_H 1
| #define TIME_WITH_SYS_TIME 1
| #define X86 1
| #define HAVE_FPU_CONTROL_H 1
| #define HAVE_GETTIMEOFDAY 1
| #define HAVE_CLOCK_GETTIME 1
| #define QD_ISNAN(x) std::isnan(x)
| #define QD_ISINF(x) std::isinf(x)
| #define QD_ISFINITE(x) std::isfinite(x)
| #define QD_COPYSIGN(x, y) ::copysign(x, y)
| #define QD_API /**/
| #define QD_HAVE_STD 1
| #define HAVE_FORTRAN 1
| #define FC_FUNC(name,NAME) name ## _
| #define FC_FUNC_(name,NAME) name ## _
| #define FC_MAIN main
| #define HAVE_LIBM 1
| #define HAVE_DLFCN_H 1
| /* end confdefs.h.  */
| #include <ac_nonexistent.h>
configure:11029: checking for Fortran compiler version
configure:11038: f95 --version >&5
GNU Fortran (Ubuntu 5.4.0-6ubuntu1~16.04.4) 5.4.0 20160609
Copyright (C) 2015 Free Software Foundation, Inc.

GNU Fortran comes with NO WARRANTY, to the extent permitted by law.
You may redistribute copies of GNU Fortran
under the terms of the GNU General Public License.
For more information about these matters, see the file named COPYING

configure:11049: $? = 0
configure:11038: f95 -v >&5
Using built-in specs.
COLLECT_GCC=f95
COLLECT_LTO_WRAPPER=/usr/lib/gcc/x86_64-linux-gnu/5/lto-wrapper
Target: x86_64-linux-gnu
Configured with: ../src/configure -v --with-pkgversion='Ubuntu 5.4.0-6ubuntu1~16.04.4' --with-bugurl=file:///usr/share/doc/gcc-5/README.Bugs --enable-languages=c,ada,c++,java,go,d,fortran,objc,obj-c++ --prefix=/usr --program-suffix=-5 --enable-shared --enable-linker-build-id --libexecdir=/usr/lib --without-included-gettext --enable-threads=posix --libdir=/usr/lib --enable-nls --with-sysroot=/ --enable-clocale=gnu --enable-libstdcxx-debug --enable-libstdcxx-time=yes --with-default-libstdcxx-abi=new --enable-gnu-unique-object --disable-vtable-verify --enable-libmpx --enable-plugin --with-system-zlib --disable-browser-plugin --enable-java-awt=gtk --enable-gtk-cairo --with-java-home=/usr/lib/jvm/java-1.5.0-gcj-5-amd64/jre --enable-java-home --with-jvm-root-dir=/usr/lib/jvm/java-1.5.0-gcj-5-amd64 --with-jvm-jar-dir=/usr/lib/jvm-exports/java-1.5.0-gcj-5-amd64 --with-arch-directory=amd64 --with-ecj-jar=/usr/share/java/eclipse-ecj.jar --enable-objc-gc --enable-multiarch --disable-werror --with-arch-32=i686 --with-abi=m64 --with-multilib-list=m32,m64,mx32 --enable-multilib --with-tune=generic --enable-checking=release --build=x86_64-linux-gnu --host=x86_64-linux-gnu --target=x86_64-linux-gnu
Thread model: posix
gcc version 5.4.0 20160609 (Ubuntu 5.4.0-6ubuntu1~16.04.4) 
configure:11049: $? = 0
configure:11038: f95 -V >&5
f95: error: unrecognized command line option '-V'
f95: fatal error: no input files
compilation terminated.
configure:11049: $? = 1
configure:11038: f95 -qversion >&5
f95: error: unrecognized command line option '-qversion'
f95: fatal error: no input files
compilation terminated.
configure:11049: $? = 1
configure:11058: checking whether we are using the GNU Fortran compiler
configure:11080: result: yes
configure:11086: checking whether f95 accepts -g
configure:11105: result: yes
configure:11277: checking for objdir
configure:11292: result: .libs
configure:11588: checking if c++ supports -fno-rtti -fno-exceptions
configure:11606: c++ -c -g -O2  -fno-rtti -fno-exceptions conftest.c >&5
configure:11610: $? = 0
configure:11623: result: yes
configure:11643: checking for c++ option to produce PIC
configure:11915: result: -fPIC -DPIC
configure:11927: checking if c++ PIC flag -fPIC -DPIC works
configure:11945: c++ -c -g -O2  -fPIC -DPIC -DPIC conftest.c >&5
configure:11949: $? = 0
configure:11962: result: yes
configure:11986: checking if c++ static flag -static works
configure:12014: result: yes
configure:12029: checking if c++ supports -c -o file.o
configure:12050: c++ -c -g -O2  -o out/conftest2.o conftest.c >&5
configure:12054: $? = 0
configure:12076: result: yes
configure:12084: checking if c++ supports -c -o file.o
configure:12131: result: yes
configure:12164: checking whether the c++ linker (/usr/bin/ld -m elf_x86_64) supports shared libraries
configure:13171: result: yes
configure:13410: checking dynamic linker characteristics
configure:13851: c++ -o conftest -g -O2   -Wl,-rpath -Wl,/foo conftest.c -lm  >&5
configure:13851: $? = 0
configure:14081: result: GNU/Linux ld.so
configure:14183: checking how to hardcode library paths into programs
configure:14208: result: immediate
configure:14768: checking whether stripping libraries is possible
configure:14773: result: yes
configure:14808: checking if libtool supports shared libraries
configure:14810: result: yes
configure:14813: checking whether to build shared libraries
configure:14834: result: no
configure:14837: checking whether to build static libraries
configure:14841: result: yes
configure:14991: checking for ld used by c++
configure:15058: result: /usr/bin/ld -m elf_x86_64
configure:15065: checking if the linker (/usr/bin/ld -m elf_x86_64) is GNU ld
configure:15080: result: yes
configure:15135: checking whether the c++ linker (/usr/bin/ld -m elf_x86_64) supports shared libraries
configure:16064: result: yes
configure:16092: c++ -c -O2   conftest.cpp >&5
configure:16095: $? = 0
configure:16277: checking for c++ option to produce PIC
configure:16594: result: -fPIC -DPIC
configure:16603: checking if c++ PIC flag -fPIC -DPIC works
configure:16621: c++ -c -O2   -fPIC -DPIC -DPIC conftest.cpp >&5
configure:16625: $? = 0
configure:16638: result: yes
configure:16659: checking if c++ static flag -static works
configure:16687: result: yes
configure:16699: checking if c++ supports -c -o file.o
configure:16720: c++ -c -O2   -o out/conftest2.o conftest.cpp >&5
configure:16724: $? = 0
configure:16746: result: yes
configure:16751: checking if c++ supports -c -o file.o
configure:16798: result: yes
configure:16828: checking whether the c++ linker (/usr/bin/ld -m elf_x86_64) supports shared libraries
configure:16857: result: yes
configure:16994: checking dynamic linker characteristics
configure:17383: c++ -o conftest -O2    -Wl,-rpath -Wl,/foo conftest.cpp -lm  >&5
configure:17383: $? = 0
configure:17613: result: GNU/Linux ld.so
configure:17664: checking how to hardcode library paths into programs
configure:17689: result: immediate
configure:17834: checking if libtool supports shared libraries
configure:17836: result: yes
configure:17839: checking whether to build shared libraries
configure:17859: result: no
configure:17862: checking whether to build static libraries
configure:17866: result: yes
configure:17892: f95 -c -O2 -ffree-form   conftest.f >&5
configure:17895: $? = 0
configure:18005: checking for f95 option to produce PIC
configure:18277: result: -fPIC
configure:18286: checking if f95 PIC flag -fPIC works
configure:18304: f95 -c -O2 -ffree-form  -fPIC  conftest.f >&5
configure:18308: $? = 0
configure:18321: result: yes
configure:18342: checking if f95 static flag -static works
configure:18370: result: yes
configure:18382: checking if f95 supports -c -o file.o
configure:18403: f95 -c -O2 -ffree-form  -o out/conftest2.o  conftest.f >&5
configure:18407: $? = 0
configure:18429: result: yes
configure:18434: checking if f95 supports -c -o file.o
configure:18481: result: yes
configure:18511: checking whether the f95 linker (/usr/bin/ld -m elf_x86_64) supports shared libraries
configure:19489: result: yes
configure:19626: checking dynamic linker characteristics
configure:20001: f95 -o conftest -O2 -ffree-form   -Wl,-rpath -Wl,/foo  conftest.f -lm  >&5
configure:20001: $? = 0
configure:20231: result: GNU/Linux ld.so
configure:20282: checking how to hardcode library paths into programs
configure:20307: result: immediate
configure:20496: creating ./config.status

## ---------------------- ##
## Running config.status. ##
## ---------------------- ##

This file was extended by qd config.status 2.3.12, which was
generated by GNU Autoconf 2.65.  Invocation command line was

  CONFIG_FILES    = 
  CONFIG_HEADERS  = 
  CONFIG_LINKS    = 
  CONFIG_COMMANDS = 
  $ ./config.status 

on markhor

config.status:1232: creating Makefile
config.status:1232: creating config/Makefile
config.status:1232: creating src/Makefile
config.status:1232: creating include/Makefile
config.status:1232: creating tests/Makefile
config.status:1232: creating fortran/Makefile
config.status:1232: creating qd-config
config.status:1232: creating fortran/second.f
config.status:1232: creating config.h
config.status:1232: creating include/qd/qd_config.h
config.status:1452: executing depfiles commands
config.status:1452: executing libtool commands

## ---------------- ##
## Cache variables. ##
## ---------------- ##

ac_cv_build=x86_64-unknown-linux-gnu
ac_cv_c_compiler_gnu=yes
ac_cv_cxx_compiler_gnu=yes
ac_cv_env_CCC_set=
ac_cv_env_CCC_value=
ac_cv_env_CC_set=
ac_cv_env_CC_value=
ac_cv_env_CFLAGS_set=
ac_cv_env_CFLAGS_value=
ac_cv_env_CPPFLAGS_set=
ac_cv_env_CPPFLAGS_value=
ac_cv_env_CXXCPP_set=
ac_cv_env_CXXCPP_value=
ac_cv_env_CXXFLAGS_set=
ac_cv_env_CXXFLAGS_value=
ac_cv_env_CXX_set=
ac_cv_env_CXX_value=
ac_cv_env_FCFLAGS_set=
ac_cv_env_FCFLAGS_value=
ac_cv_env_FC_set=
ac_cv_env_FC_value=
ac_cv_env_LDFLAGS_set=
ac_cv_env_LDFLAGS_value=
ac_cv_env_LIBS_set=
ac_cv_env_LIBS_value=
ac_cv_env_build_alias_set=
ac_cv_env_build_alias_value=
ac_cv_env_host_alias_set=
ac_cv_env_host_alias_value=
ac_cv_env_target_alias_set=
ac_cv_env_target_alias_value=
ac_cv_fc_compiler_gnu=yes
ac_cv_fc_dummy_main=none
ac_cv_fc_freeform=-ffree-form
ac_cv_fc_libs=' -L/usr/lib/gcc/x86_64-linux-gnu/5 -L/usr/lib/gcc/x86_64-linux-gnu/5/../../../x86_64-linux-gnu -L/usr/lib/gcc/x86_64-linux-gnu/5/../../../../lib -L/lib/x86_64-linux-gnu -L/lib/../lib -L/usr/lib/x86_64-linux-gnu -L/usr/lib/../lib -L/usr/lib/gcc/x86_64-linux-gnu/5/../../.. -lgfortran -lm -lquadmath'
ac_cv_fc_main=main
ac_cv_fc_mangling='lower case, underscore, no extra underscore'
ac_cv_fortran_dummy_main=none
ac_cv_fortran_main=main
ac_cv_func_gettimeofday=yes
ac_cv_header_dlfcn_h=yes
ac_cv_header_fpu_control_h=yes
ac_cv_header_ieeefp_h=no
ac_cv_header_inttypes_h=yes
ac_cv_header_memory_h=yes
ac_cv_header_stdbool_h=yes
ac_cv_header_stdc=yes
ac_cv_header_stdint_h=yes
ac_cv_header_stdlib_h=yes
ac_cv_header_string_h=yes
ac_cv_header_strings_h=yes
ac_cv_header_sys_stat_h=yes
ac_cv_header_sys_types_h=yes
ac_cv_header_time=yes
ac_cv_header_unistd_h=yes
ac_cv_host=x86_64-unknown-linux-gnu
ac_cv_lib_m_sqrt=yes
ac_cv_objext=o
ac_cv_path_EGREP='/bin/grep -E'
ac_cv_path_FGREP='/bin/grep -F'
ac_cv_path_GREP=/bin/grep
ac_cv_path_SED=/bin/sed
ac_cv_path_install='/usr/bin/install -c'
ac_cv_path_mkdir=/bin/mkdir
ac_cv_prog_AWK=gawk
ac_cv_prog_CXXCPP='c++ -E'
ac_cv_prog_ac_ct_AR=ar
ac_cv_prog_ac_ct_CC=c++
ac_cv_prog_ac_ct_CXX=c++
ac_cv_prog_ac_ct_FC=f95
ac_cv_prog_ac_ct_OBJDUMP=objdump
ac_cv_prog_ac_ct_RANLIB=ranlib
ac_cv_prog_ac_ct_STRIP=strip
ac_cv_prog_cc_c89=no
ac_cv_prog_cc_g=yes
ac_cv_prog_cxx_g=yes
ac_cv_prog_fc_g=yes
ac_cv_prog_fc_v=-v
ac_cv_prog_make_make_set=yes
ac_cv_search_clock_gettime='none required'
ac_cv_struct_tm=time.h
ac_cv_type__Bool=no
am_cv_CC_dependencies_compiler_type=gcc3
am_cv_CXX_dependencies_compiler_type=gcc3
lt_cv_deplibs_check_method=pass_all
lt_cv_file_magic_cmd='$MAGIC_CMD'
lt_cv_file_magic_test_file=
lt_cv_ld_reload_flag=-r
lt_cv_nm_interface='BSD nm'
lt_cv_objdir=.libs
lt_cv_path_LD=/usr/bin/ld
lt_cv_path_LDCXX='/usr/bin/ld -m elf_x86_64'
lt_cv_path_NM='/usr/bin/nm -B'
lt_cv_prog_compiler_c_o=yes
lt_cv_prog_compiler_c_o_CXX=yes
lt_cv_prog_compiler_c_o_FC=yes
lt_cv_prog_compiler_pic_works=yes
lt_cv_prog_compiler_pic_works_CXX=yes
lt_cv_prog_compiler_pic_works_FC=yes
lt_cv_prog_compiler_rtti_exceptions=yes
lt_cv_prog_compiler_static_works=yes
lt_cv_prog_compiler_static_works_CXX=yes
lt_cv_prog_compiler_static_works_FC=yes
lt_cv_prog_gnu_ld=yes
lt_cv_prog_gnu_ldcxx=yes
lt_cv_sys_global_symbol_pipe='sed -n -e '\''s/^.*[	 ]\([ABCDGIRSTW][ABCDGIRSTW]*\)[	 ][	 ]*\([_A-Za-z][_A-Za-z0-9]*\)$/\1 \2 \2/p'\'''
lt_cv_sys_global_symbol_to_c_name_address='sed -n -e '\''s/^: \([^ ]*\) $/  {\"\1\", (void *) 0},/p'\'' -e '\''s/^[ABCDGIRSTW]* \([^ ]*\) \([^ ]*\)$/  {"\2", (void *) \&\2},/p'\'''
lt_cv_sys_global_symbol_to_c_name_address_lib_prefix='sed -n -e '\''s/^: \([^ ]*\) $/  {\"\1\", (void *) 0},/p'\'' -e '\''s/^[ABCDGIRSTW]* \([^ ]*\) \(lib[^ ]*\)$/  {"\2", (void *) \&\2},/p'\'' -e '\''s/^[ABCDGIRSTW]* \([^ ]*\) \([^ ]*\)$/  {"lib\2", (void *) \&\2},/p'\'''
lt_cv_sys_global_symbol_to_cdecl='sed -n -e '\''s/^T .* \(.*\)$/extern int \1();/p'\'' -e '\''s/^[ABCDGIRSTW]* .* \(.*\)$/extern char \1;/p'\'''
lt_cv_sys_max_cmd_len=1572864

## ----------------- ##
## Output variables. ##
## ----------------- ##

ACLOCAL='${SHELL} /home/hapka/Programs/drake-mithap/other/qd-2.3.17/config/missing --run aclocal-1.11'
AMDEPBACKSLASH='\'
AMDEP_FALSE='#'
AMDEP_TRUE=''
AMTAR='${SHELL} /home/hapka/Programs/drake-mithap/other/qd-2.3.17/config/missing --run tar'
AR='ar'
AUTOCONF='${SHELL} /home/hapka/Programs/drake-mithap/other/qd-2.3.17/config/missing --run autoconf'
AUTOHEADER='${SHELL} /home/hapka/Programs/drake-mithap/other/qd-2.3.17/config/missing --run autoheader'
AUTOMAKE='${SHELL} /home/hapka/Programs/drake-mithap/other/qd-2.3.17/config/missing --run automake-1.11'
AWK='gawk'
CC='c++'
CCDEPMODE='depmode=gcc3'
CFLAGS='-g -O2'
CONFIGURE_ARGS=' '\''--prefix=/home/hapka/Programs/drake-mithap/other/qdlib'\'''
CPPFLAGS=''
CXX='c++'
CXXCPP='c++ -E'
CXXDEPMODE='depmode=gcc3'
CXXFLAGS='-O2 '
CYGPATH_W='echo'
DEFS='-DHAVE_CONFIG_H'
DEPDIR='.deps'
DSYMUTIL=''
DUMPBIN=''
ECHO_C=''
ECHO_N='-n'
ECHO_T=''
EGREP='/bin/grep -E'
ETIME='etime'
EXEEXT=''
F77='f95'
FC='f95'
FCFLAGS='-O2 -ffree-form '
FCLIBS=' -L/usr/lib/gcc/x86_64-linux-gnu/5 -L/usr/lib/gcc/x86_64-linux-gnu/5/../../../x86_64-linux-gnu -L/usr/lib/gcc/x86_64-linux-gnu/5/../../../../lib -L/lib/x86_64-linux-gnu -L/lib/../lib -L/usr/lib/x86_64-linux-gnu -L/usr/lib/../lib -L/usr/lib/gcc/x86_64-linux-gnu/5/../../.. -lgfortran -lm -lquadmath '
FFLAGS='-O2 -ffree-form '
FGREP='/bin/grep -F'
GREP='/bin/grep'
HAVE_FORTRAN_FALSE='#'
HAVE_FORTRAN_TRUE=''
INSTALL_DATA='${INSTALL} -m 644'
INSTALL_PROGRAM='${INSTALL}'
INSTALL_SCRIPT='${INSTALL}'
INSTALL_STRIP_PROGRAM='$(install_sh) -c -s'
LD='/usr/bin/ld -m elf_x86_64'
LDFLAGS=''
LIBOBJS=''
LIBS='-lm '
LIBTOOL='$(SHELL) $(top_builddir)/libtool'
LIPO=''
LN_S='ln -s'
LTLIBOBJS=''
MAKEINFO='${SHELL} /home/hapka/Programs/drake-mithap/other/qd-2.3.17/config/missing --run makeinfo'
MKDIR_P='/bin/mkdir -p'
NM='/usr/bin/nm -B'
NMEDIT=''
OBJDUMP='objdump'
OBJEXT='o'
OTOOL64=''
OTOOL=''
PACKAGE='qd'
PACKAGE_BUGREPORT='yozo@cs.berkeley.edu'
PACKAGE_NAME='qd'
PACKAGE_STRING='qd 2.3.12'
PACKAGE_TARNAME='qd'
PACKAGE_URL=''
PACKAGE_VERSION='2.3.12'
PATH_SEPARATOR=':'
QD_DEBUG_FALSE=''
QD_DEBUG_TRUE='#'
RANLIB='ranlib'
REQ_CXXFLAGS=''
REQ_FCFLAGS=''
SED='/bin/sed'
SET_MAKE=''
SHELL='/bin/bash'
STRIP='strip'
UPCASE_MODULE_FALSE=''
UPCASE_MODULE_TRUE='#'
VERSION='2.3.12'
ac_ct_CC='c++'
ac_ct_CXX='c++'
ac_ct_DUMPBIN=''
ac_ct_FC='f95'
am__EXEEXT_FALSE=''
am__EXEEXT_TRUE='#'
am__fastdepCC_FALSE='#'
am__fastdepCC_TRUE=''
am__fastdepCXX_FALSE='#'
am__fastdepCXX_TRUE=''
am__include='include'
am__isrc=''
am__leading_dot='.'
am__quote=''
am__tar='${AMTAR} chof - "$$tardir"'
am__untar='${AMTAR} xf -'
ax_f90_modflag='-I '
bindir='${exec_prefix}/bin'
build='x86_64-unknown-linux-gnu'
build_alias=''
build_cpu='x86_64'
build_os='linux-gnu'
build_vendor='unknown'
datadir='${datarootdir}'
datarootdir='${prefix}/share'
docdir='${datarootdir}/doc/${PACKAGE_TARNAME}'
dvidir='${docdir}'
exec_prefix='${prefix}'
host='x86_64-unknown-linux-gnu'
host_alias=''
host_cpu='x86_64'
host_os='linux-gnu'
host_vendor='unknown'
htmldir='${docdir}'
includedir='${prefix}/include'
infodir='${datarootdir}/info'
install_sh='${SHELL} /home/hapka/Programs/drake-mithap/other/qd-2.3.17/config/install-sh'
libdir='${exec_prefix}/lib'
libexecdir='${exec_prefix}/libexec'
localedir='${datarootdir}/locale'
localstatedir='${prefix}/var'
lt_ECHO='echo'
mandir='${datarootdir}/man'
mkdir_p='/bin/mkdir -p'
module_ext='mod'
oldincludedir='/usr/include'
pdfdir='${docdir}'
prefix='/home/hapka/Programs/drake-mithap/other/qdlib'
program_transform_name='s,x,x,'
psdir='${docdir}'
sbindir='${exec_prefix}/sbin'
sharedstatedir='${prefix}/com'
sysconfdir='${prefix}/etc'
target_alias=''

## ----------- ##
## confdefs.h. ##
## ----------- ##

/* confdefs.h */
#define PACKAGE_NAME "qd"
#define PACKAGE_TARNAME "qd"
#define PACKAGE_VERSION "2.3.12"
#define PACKAGE_STRING "qd 2.3.12"
#define PACKAGE_BUGREPORT "yozo@cs.berkeley.edu"
#define PACKAGE_URL ""
#define MAJOR_VERSION 2
#define MINOR_VERSION 3
#define PATCH_VERSION 12
#define PACKAGE "qd"
#define VERSION "2.3.12"
#define QD_INLINE 1
#define QD_SLOPPY_MUL 1
#define QD_SLOPPY_DIV 1
#define STDC_HEADERS 1
#define HAVE_SYS_TYPES_H 1
#define HAVE_SYS_STAT_H 1
#define HAVE_STDLIB_H 1
#define HAVE_STRING_H 1
#define HAVE_MEMORY_H 1
#define HAVE_STRINGS_H 1
#define HAVE_INTTYPES_H 1
#define HAVE_STDINT_H 1
#define HAVE_UNISTD_H 1
#define HAVE_STDBOOL_H 1
#define TIME_WITH_SYS_TIME 1
#define X86 1
#define HAVE_FPU_CONTROL_H 1
#define HAVE_GETTIMEOFDAY 1
#define HAVE_CLOCK_GETTIME 1
#define QD_ISNAN(x) std::isnan(x)
#define QD_ISINF(x) std::isinf(x)
#define QD_ISFINITE(x) std::isfinite(x)
#define QD_COPYSIGN(x, y) ::copysign(x, y)
#define QD_API /**/
#define QD_HAVE_STD 1
#define HAVE_FORTRAN 1
#define FC_FUNC(name,NAME) name ## _
#define FC_FUNC_(name,NAME) name ## _
#define FC_MAIN main
#define HAVE_LIBM 1
#define HAVE_DLFCN_H 1
#define LT_OBJDIR ".libs/"

configure: exit 0
